Log file open, 10/27/21 20:58:47
LogWindows: Failed to load 'aqProf.dll' (GetLastError=126)
LogWindows: File 'aqProf.dll' does not exist
LogWindows: Failed to load 'VtuneApi.dll' (GetLastError=126)
LogWindows: File 'VtuneApi.dll' does not exist
LogWindows: Failed to load 'VtuneApi32e.dll' (GetLastError=126)
LogWindows: File 'VtuneApi32e.dll' does not exist
LogConsoleResponse: Display: Failed to find resolution value strings in scalability ini. Falling back to default.
LogInit: Display: Running engine for game: 了无忧
LogPakFile: Registered encryption key '00000000000000000000000000000000': 0 pak files mounted, 0 remain pending
LogPlatformFile: Not using cached read wrapper
LogTaskGraph: Started task graph with 5 named threads and 59 total threads with 3 sets of task threads.
LogStats: Stats thread started at 0.967071
LogD3D11RHI: Loaded GFSDK_Aftermath_Lib.x64.dll
LogICUInternationalization: ICU TimeZone Detection - Raw Offset: +8:00, Platform Override: ''
LogPluginManager: Mounting plugin Paper2D
LogPluginManager: Mounting plugin AISupport
LogPluginManager: Mounting plugin LightPropagationVolume
LogPluginManager: Mounting plugin ActorLayerUtilities
LogPluginManager: Mounting plugin AnimationSharing
LogPluginManager: Mounting plugin CLionSourceCodeAccess
LogPluginManager: Mounting plugin CodeLiteSourceCodeAccess
LogPluginManager: Mounting plugin GitSourceControl
LogPluginManager: Mounting plugin KDevelopSourceCodeAccess
LogPluginManager: Mounting plugin NullSourceCodeAccess
LogPluginManager: Mounting plugin PerforceSourceControl
LogPluginManager: Mounting plugin SubversionSourceControl
LogPluginManager: Mounting plugin UObjectPlugin
LogPluginManager: Mounting plugin VisualStudioCodeSourceCodeAccess
LogPluginManager: Mounting plugin VisualStudioSourceCodeAccess
LogPluginManager: Mounting plugin XCodeSourceCodeAccess
LogPluginManager: Mounting plugin AssetManagerEditor
LogPluginManager: Mounting plugin CryptoKeys
LogPluginManager: Mounting plugin DataValidation
LogPluginManager: Mounting plugin FacialAnimation
LogPluginManager: Mounting plugin GameplayTagsEditor
LogPluginManager: Mounting plugin MacGraphicsSwitching
LogPluginManager: Mounting plugin MaterialAnalyzer
LogPluginManager: Mounting plugin MobileLauncherProfileWizard
LogPluginManager: Mounting plugin PluginBrowser
LogPluginManager: Mounting plugin SpeedTreeImporter
LogPluginManager: Mounting plugin DatasmithContent
LogPluginManager: Mounting plugin VariantManagerContent
LogPluginManager: Mounting plugin AlembicImporter
LogPluginManager: Mounting plugin AppleImageUtils
LogPluginManager: Mounting plugin AppleVision
LogPluginManager: Mounting plugin BackChannel
LogPluginManager: Mounting plugin CharacterAI
LogPluginManager: Mounting plugin GeometryCache
LogPluginManager: Mounting plugin HTML5Networking
LogPluginManager: Mounting plugin ProxyLODPlugin
LogPluginManager: Mounting plugin SkeletalReduction
LogPluginManager: Mounting plugin MagicLeap
LogPluginManager: Mounting plugin MagicLeapMedia
LogPluginManager: Mounting plugin AndroidMedia
LogPluginManager: Mounting plugin AvfMedia
LogPluginManager: Mounting plugin ImgMedia
LogPluginManager: Mounting plugin LinearTimecode
LogPluginManager: Mounting plugin MediaCompositing
LogPluginManager: Mounting plugin MediaPlayerEditor
LogPluginManager: Mounting plugin WebMMedia
LogPluginManager: Mounting plugin WmfMedia
LogPluginManager: Mounting plugin TcpMessaging
LogPluginManager: Mounting plugin UdpMessaging
LogPluginManager: Mounting plugin ActorSequence
LogPluginManager: Mounting plugin LevelSequenceEditor
LogPluginManager: Mounting plugin MatineeToLevelSequence
LogPluginManager: Mounting plugin NetcodeUnitTest
LogPluginManager: Mounting plugin NUTUnrealEngine4
LogPluginManager: Mounting plugin OnlineSubsystemGooglePlay
LogPluginManager: Mounting plugin OnlineSubsystemIOS
LogPluginManager: Mounting plugin OnlineSubsystem
LogPluginManager: Mounting plugin OnlineSubsystemNull
LogPluginManager: Mounting plugin OnlineSubsystemUtils
LogPluginManager: Mounting plugin LauncherChunkInstaller
LogPluginManager: Mounting plugin AndroidDeviceProfileSelector
LogPluginManager: Mounting plugin AndroidMoviePlayer
LogPluginManager: Mounting plugin AndroidPermission
LogPluginManager: Mounting plugin AppleMoviePlayer
LogPluginManager: Mounting plugin ArchVisCharacter
LogPluginManager: Mounting plugin AudioCapture
LogPluginManager: Mounting plugin CableComponent
LogPluginManager: Mounting plugin CustomMeshComponent
LogPluginManager: Mounting plugin EditableMesh
LogPluginManager: Mounting plugin ExampleDeviceProfileSelector
LogPluginManager: Mounting plugin Firebase
LogPluginManager: Mounting plugin GoogleCloudMessaging
LogPluginManager: Mounting plugin IOSDeviceProfileSelector
LogPluginManager: Mounting plugin LinuxDeviceProfileSelector
LogPluginManager: Mounting plugin LocationServicesBPLibrary
LogPluginManager: Mounting plugin MobilePatchingUtils
LogPluginManager: Mounting plugin OculusVR
LogPluginManager: Mounting plugin PhysXVehicles
LogPluginManager: Mounting plugin ProceduralMeshComponent
LogPluginManager: Mounting plugin RuntimePhysXCooking
LogPluginManager: Mounting plugin SignificanceManager
LogPluginManager: Mounting plugin SteamVR
LogPluginManager: Mounting plugin WebMMoviePlayer
LogPluginManager: Mounting plugin WindowsMoviePlayer
LogInit: Using libcurl 7.55.1-DEV
LogInit:  - built for x86_64-pc-win32
LogInit:  - supports SSL with OpenSSL/1.1.1
LogInit:  - supports HTTP deflate (compression) using libz 1.2.8
LogInit:  - other features:
LogInit:      CURL_VERSION_SSL
LogInit:      CURL_VERSION_LIBZ
LogInit:      CURL_VERSION_IPV6
LogInit:      CURL_VERSION_ASYNCHDNS
LogInit:      CURL_VERSION_LARGEFILE
LogInit:      CURL_VERSION_IDN
LogInit:  CurlRequestOptions (configurable via config and command line):
LogInit:  - bVerifyPeer = true  - Libcurl will verify peer certificate
LogInit:  - bUseHttpProxy = false  - Libcurl will NOT use HTTP proxy
LogInit:  - bDontReuseConnections = false  - Libcurl will reuse connections
LogInit:  - MaxHostConnections = 16  - Libcurl will limit the number of connections to a host
LogInit:  - LocalHostAddr = Default
LogInit:  - BufferSize = 65536
LogInit: WinSock: version 1.1 (2.2), MaxSocks=32767, MaxUdp=65467
LogInit: Build: ++UE4+Release-4.22-CL-7053642
LogInit: Engine Version: 4.22.3-7053642+++UE4+Release-4.22
LogInit: Compatible Engine Version: 4.22.0-5660361+++UE4+Release-4.22
LogInit: Net CL: 5660361
LogInit: OS: Windows 10 (Release 2009) (), CPU: Intel(R) Xeon(R) Silver 4114 CPU @ 2.20GHz, GPU: NVIDIA GeForce RTX 2080
LogInit: Compiled (64-bit): Jun 18 2019 03:09:11
LogInit: Compiled with Visual C++: 19.16.27025.01
LogInit: Build Configuration: Development
LogInit: Branch Name: ++UE4+Release-4.22
LogInit: Command Line: 
LogInit: Base Directory: D:/UE4Project/UE_4.22/Engine/Binaries/Win64/
LogInit: Installed Engine Build: 1
LogDevObjectVersion: Number of dev versions registered: 23
LogDevObjectVersion:   Dev-Blueprints (B0D832E4-1F89-4F0D-ACCF-7EB736FD4AA2): 10
LogDevObjectVersion:   Dev-Build (E1C64328-A22C-4D53-A36C-8E866417BD8C): 0
LogDevObjectVersion:   Dev-Core (375EC13C-06E4-48FB-B500-84F0262A717E): 3
LogDevObjectVersion:   Dev-Editor (E4B068ED-F494-42E9-A231-DA0B2E46BB41): 30
LogDevObjectVersion:   Dev-Framework (CFFC743F-43B0-4480-9391-14DF171D2073): 35
LogDevObjectVersion:   Dev-Mobile (B02B49B5-BB20-44E9-A304-32B752E40360): 2
LogDevObjectVersion:   Dev-Networking (A4E4105C-59A1-49B5-A7C5-40C4547EDFEE): 0
LogDevObjectVersion:   Dev-Online (39C831C9-5AE6-47DC-9A44-9C173E1C8E7C): 0
LogDevObjectVersion:   Dev-Physics (78F01B33-EBEA-4F98-B9B4-84EACCB95AA2): 0
LogDevObjectVersion:   Dev-Platform (6631380F-2D4D-43E0-8009-CF276956A95A): 0
LogDevObjectVersion:   Dev-Rendering (12F88B9F-8875-4AFC-A67C-D90C383ABD29): 28
LogDevObjectVersion:   Dev-Sequencer (7B5AE74C-D270-4C10-A958-57980B212A5A): 11
LogDevObjectVersion:   Dev-VR (D7296918-1DD6-4BDD-9DE2-64A83CC13884): 2
LogDevObjectVersion:   Dev-LoadTimes (C2A15278-BFE7-4AFE-6C17-90FF531DF755): 1
LogDevObjectVersion:   Private-Geometry (6EACA3D4-40EC-4CC1-B786-8BED09428FC5): 3
LogDevObjectVersion:   Dev-AnimPhys (29E575DD-E0A3-4627-9D10-D276232CDCEA): 17
LogDevObjectVersion:   Dev-Anim (AF43A65D-7FD3-4947-9873-3E8ED9C1BB05): 2
LogDevObjectVersion:   Dev-ReflectionCapture (6B266CEC-1EC7-4B8F-A30B-E4D90942FC07): 1
LogDevObjectVersion:   Dev-Automation (0DF73D61-A23F-47EA-B727-89E90C41499A): 1
LogDevObjectVersion:   FortniteMain (601D1886-AC64-4F84-AA16-D3DE0DEAC7D6): 25
LogDevObjectVersion:   Dev-Enterprise (9DFFBCD6-494F-0158-E221-12823C92A888): 6
LogDevObjectVersion:   Dev-Niagara (F2AED0AC-9AFE-416F-8664-AA7FFA26D6FC): 1
LogDevObjectVersion:   Dev-Destruction (174F1F0B-B4C6-45A5-B13F-2EE8D0FB917D): 2
LogInit: Presizing for max 16777216 objects, including 0 objects not considered by GC, pre-allocating 0 bytes for permanent pool.
LogInit: Object subsystem initialized
LogConfig: Setting CVar [[con.DebugEarlyDefault:1]]
LogConfig: Setting CVar [[r.setres:1280x720]]
[2021.10.27-12.58.48:118][  0]LogConfig: Setting CVar [[r.VSync:0]]
[2021.10.27-12.58.48:118][  0]LogConfig: Setting CVar [[r.RHICmdBypass:0]]
[2021.10.27-12.58.48:118][  0]LogConfig: Applying CVar settings from Section [/Script/Engine.RendererSettings] File [D:/UE4Project/了无忧/Saved/Config/Windows/Engine.ini]
[2021.10.27-12.58.48:118][  0]LogConfig: Setting CVar [[r.GPUCrashDebugging:0]]
[2021.10.27-12.58.48:118][  0]LogConfig: Applying CVar settings from Section [/Script/Engine.RendererOverrideSettings] File [D:/UE4Project/了无忧/Saved/Config/Windows/Engine.ini]
[2021.10.27-12.58.48:118][  0]LogConfig: Applying CVar settings from Section [/Script/Engine.StreamingSettings] File [D:/UE4Project/了无忧/Saved/Config/Windows/Engine.ini]
[2021.10.27-12.58.48:118][  0]LogConfig: Setting CVar [[s.MinBulkDataSizeForAsyncLoading:131072]]
[2021.10.27-12.58.48:118][  0]LogConfig: Setting CVar [[s.AsyncLoadingThreadEnabled:0]]
[2021.10.27-12.58.48:118][  0]LogConfig: Setting CVar [[s.EventDrivenLoaderEnabled:1]]
[2021.10.27-12.58.48:118][  0]LogConfig: Setting CVar [[s.WarnIfTimeLimitExceeded:0]]
[2021.10.27-12.58.48:118][  0]LogConfig: Setting CVar [[s.TimeLimitExceededMultiplier:1.5]]
[2021.10.27-12.58.48:118][  0]LogConfig: Setting CVar [[s.TimeLimitExceededMinTime:0.005]]
[2021.10.27-12.58.48:118][  0]LogConfig: Setting CVar [[s.UseBackgroundLevelStreaming:1]]
[2021.10.27-12.58.48:118][  0]LogConfig: Setting CVar [[s.PriorityAsyncLoadingExtraTime:15.0]]
[2021.10.27-12.58.48:118][  0]LogConfig: Setting CVar [[s.LevelStreamingActorsUpdateTimeLimit:5.0]]
[2021.10.27-12.58.48:118][  0]LogConfig: Setting CVar [[s.PriorityLevelStreamingActorsUpdateExtraTime:5.0]]
[2021.10.27-12.58.48:118][  0]LogConfig: Setting CVar [[s.LevelStreamingComponentsRegistrationGranularity:10]]
[2021.10.27-12.58.48:118][  0]LogConfig: Setting CVar [[s.UnregisterComponentsTimeLimit:1.0]]
[2021.10.27-12.58.48:118][  0]LogConfig: Setting CVar [[s.LevelStreamingComponentsUnregistrationGranularity:5]]
[2021.10.27-12.58.48:118][  0]LogConfig: Applying CVar settings from Section [/Script/Engine.GarbageCollectionSettings] File [D:/UE4Project/了无忧/Saved/Config/Windows/Engine.ini]
[2021.10.27-12.58.48:118][  0]LogConfig: Setting CVar [[gc.MaxObjectsNotConsideredByGC:1]]
[2021.10.27-12.58.48:118][  0]LogConfig: Setting CVar [[gc.SizeOfPermanentObjectPool:0]]
[2021.10.27-12.58.48:118][  0]LogConfig: Setting CVar [[gc.FlushStreamingOnGC:0]]
[2021.10.27-12.58.48:118][  0]LogConfig: Setting CVar [[gc.NumRetriesBeforeForcingGC:10]]
[2021.10.27-12.58.48:118][  0]LogConfig: Setting CVar [[gc.AllowParallelGC:1]]
[2021.10.27-12.58.48:118][  0]LogConfig: Setting CVar [[gc.TimeBetweenPurgingPendingKillObjects:61.1]]
[2021.10.27-12.58.48:118][  0]LogConfig: Setting CVar [[gc.MaxObjectsInEditor:16777216]]
[2021.10.27-12.58.48:118][  0]LogConfig: Setting CVar [[gc.IncrementalBeginDestroyEnabled:1]]
[2021.10.27-12.58.48:118][  0]LogConfig: Setting CVar [[gc.CreateGCClusters:1]]
[2021.10.27-12.58.48:118][  0]LogConfig: Setting CVar [[gc.MinGCClusterSize:5]]
[2021.10.27-12.58.48:118][  0]LogConfig: Setting CVar [[gc.ActorClusteringEnabled:0]]
[2021.10.27-12.58.48:118][  0]LogConfig: Setting CVar [[gc.BlueprintClusteringEnabled:0]]
[2021.10.27-12.58.48:118][  0]LogConfig: Setting CVar [[gc.UseDisregardForGCOnDedicatedServers:0]]
[2021.10.27-12.58.48:118][  0]LogConfig: Applying CVar settings from Section [/Script/Engine.NetworkSettings] File [D:/UE4Project/了无忧/Saved/Config/Windows/Engine.ini]
[2021.10.27-12.58.48:118][  0]LogConfig: Applying CVar settings from Section [/Script/UnrealEd.CookerSettings] File [D:/UE4Project/了无忧/Saved/Config/Windows/Engine.ini]
[2021.10.27-12.58.48:127][  0]LogConfig: Applying CVar settings from Section [ViewDistanceQuality@3] File [D:/UE4Project/了无忧/Saved/Config/Windows/Scalability.ini]
[2021.10.27-12.58.48:127][  0]LogConfig: Setting CVar [[r.SkeletalMeshLODBias:0]]
[2021.10.27-12.58.48:127][  0]LogConfig: Setting CVar [[r.ViewDistanceScale:1.0]]
[2021.10.27-12.58.48:127][  0]LogConfig: Applying CVar settings from Section [AntiAliasingQuality@3] File [D:/UE4Project/了无忧/Saved/Config/Windows/Scalability.ini]
[2021.10.27-12.58.48:127][  0]LogConfig: Setting CVar [[r.PostProcessAAQuality:3]]
[2021.10.27-12.58.48:127][  0]LogConfig: Applying CVar settings from Section [ShadowQuality@3] File [D:/UE4Project/了无忧/Saved/Config/Windows/Scalability.ini]
[2021.10.27-12.58.48:127][  0]LogConfig: Setting CVar [[r.LightFunctionQuality:1]]
[2021.10.27-12.58.48:127][  0]LogConfig: Setting CVar [[r.ShadowQuality:5]]
[2021.10.27-12.58.48:127][  0]LogConfig: Setting CVar [[r.Shadow.CSM.MaxCascades:10]]
[2021.10.27-12.58.48:127][  0]LogConfig: Setting CVar [[r.Shadow.MaxResolution:2048]]
[2021.10.27-12.58.48:127][  0]LogConfig: Setting CVar [[r.Shadow.MaxCSMResolution:2048]]
[2021.10.27-12.58.48:127][  0]LogConfig: Setting CVar [[r.Shadow.RadiusThreshold:0.01]]
[2021.10.27-12.58.48:127][  0]LogConfig: Setting CVar [[r.Shadow.DistanceScale:1.0]]
[2021.10.27-12.58.48:127][  0]LogConfig: Setting CVar [[r.Shadow.CSM.TransitionScale:1.0]]
[2021.10.27-12.58.48:127][  0]LogConfig: Setting CVar [[r.Shadow.PreShadowResolutionFactor:1.0]]
[2021.10.27-12.58.48:127][  0]LogConfig: Setting CVar [[r.DistanceFieldShadowing:1]]
[2021.10.27-12.58.48:127][  0]LogConfig: Setting CVar [[r.DistanceFieldAO:1]]
[2021.10.27-12.58.48:127][  0]LogConfig: Setting CVar [[r.AOQuality:2]]
[2021.10.27-12.58.48:127][  0]LogConfig: Setting CVar [[r.VolumetricFog:1]]
[2021.10.27-12.58.48:127][  0]LogConfig: Setting CVar [[r.VolumetricFog.GridPixelSize:8]]
[2021.10.27-12.58.48:127][  0]LogConfig: Setting CVar [[r.VolumetricFog.GridSizeZ:128]]
[2021.10.27-12.58.48:127][  0]LogConfig: Setting CVar [[r.VolumetricFog.HistoryMissSupersampleCount:4]]
[2021.10.27-12.58.48:127][  0]LogConfig: Setting CVar [[r.LightMaxDrawDistanceScale:1]]
[2021.10.27-12.58.48:127][  0]LogConfig: Setting CVar [[r.CapsuleShadows:1]]
[2021.10.27-12.58.48:127][  0]LogConfig: Applying CVar settings from Section [PostProcessQuality@3] File [D:/UE4Project/了无忧/Saved/Config/Windows/Scalability.ini]
[2021.10.27-12.58.48:127][  0]LogConfig: Setting CVar [[r.MotionBlurQuality:0]]
[2021.10.27-12.58.48:127][  0]LogConfig: Setting CVar [[r.AmbientOcclusionMipLevelFactor:0.4]]
[2021.10.27-12.58.48:127][  0]LogConfig: Setting CVar [[r.AmbientOcclusionMaxQuality:100]]
[2021.10.27-12.58.48:127][  0]LogConfig: Setting CVar [[r.AmbientOcclusionLevels:0]]
[2021.10.27-12.58.48:127][  0]LogConfig: Setting CVar [[r.AmbientOcclusionRadiusScale:1.0]]
[2021.10.27-12.58.48:127][  0]LogConfig: Setting CVar [[r.DepthOfFieldQuality:0]]
[2021.10.27-12.58.48:127][  0]LogConfig: Setting CVar [[r.RenderTargetPoolMin:400]]
[2021.10.27-12.58.48:127][  0]LogConfig: Setting CVar [[r.LensFlareQuality:0]]
[2021.10.27-12.58.48:127][  0]LogConfig: Setting CVar [[r.SceneColorFringeQuality:0]]
[2021.10.27-12.58.48:128][  0]LogConfig: Setting CVar [[r.EyeAdaptationQuality:2]]
[2021.10.27-12.58.48:128][  0]LogConfig: Setting CVar [[r.BloomQuality:1]]
[2021.10.27-12.58.48:128][  0]LogConfig: Setting CVar [[r.FastBlurThreshold:0]]
[2021.10.27-12.58.48:128][  0]LogConfig: Setting CVar [[r.Upscale.Quality:3]]
[2021.10.27-12.58.48:128][  0]LogConfig: Setting CVar [[r.Tonemapper.GrainQuantization:1]]
[2021.10.27-12.58.48:128][  0]LogConfig: Setting CVar [[r.LightShaftQuality:1]]
[2021.10.27-12.58.48:128][  0]LogConfig: Setting CVar [[r.Filter.SizeScale:1]]
[2021.10.27-12.58.48:128][  0]LogConfig: Setting CVar [[r.Tonemapper.Quality:5]]
[2021.10.27-12.58.48:128][  0]LogConfig: Setting CVar [[r.DOF.Gather.AccumulatorQuality:1        ; higher gathering accumulator quality]]
[2021.10.27-12.58.48:128][  0]LogConfig: Setting CVar [[r.DOF.Gather.PostfilterMethod:1          ; Median3x3 postfilering method]]
[2021.10.27-12.58.48:128][  0]LogConfig: Setting CVar [[r.DOF.Gather.EnableBokehSettings:0       ; no bokeh simulation when gathering]]
[2021.10.27-12.58.48:128][  0]LogConfig: Setting CVar [[r.DOF.Gather.RingCount:4                 ; medium number of samples when gathering]]
[2021.10.27-12.58.48:128][  0]LogConfig: Setting CVar [[r.DOF.Scatter.ForegroundCompositing:1    ; additive foreground scattering]]
[2021.10.27-12.58.48:128][  0]LogConfig: Setting CVar [[r.DOF.Scatter.BackgroundCompositing:2    ; additive background scattering]]
[2021.10.27-12.58.48:128][  0]LogConfig: Setting CVar [[r.DOF.Scatter.EnableBokehSettings:1      ; bokeh simulation when scattering]]
[2021.10.27-12.58.48:128][  0]LogConfig: Setting CVar [[r.DOF.Scatter.MaxSpriteRatio:0.1         ; only a maximum of 10% of scattered bokeh]]
[2021.10.27-12.58.48:128][  0]LogConfig: Setting CVar [[r.DOF.Recombine.Quality:1                ; cheap slight out of focus]]
[2021.10.27-12.58.48:128][  0]LogConfig: Setting CVar [[r.DOF.Recombine.EnableBokehSettings:0    ; no bokeh simulation on slight out of focus]]
[2021.10.27-12.58.48:128][  0]LogConfig: Setting CVar [[r.DOF.TemporalAAQuality:1                ; more stable temporal accumulation]]
[2021.10.27-12.58.48:128][  0]LogConfig: Setting CVar [[r.DOF.Kernel.MaxForegroundRadius:0.025]]
[2021.10.27-12.58.48:128][  0]LogConfig: Setting CVar [[r.DOF.Kernel.MaxBackgroundRadius:0.025]]
[2021.10.27-12.58.48:128][  0]LogConfig: Applying CVar settings from Section [TextureQuality@3] File [D:/UE4Project/了无忧/Saved/Config/Windows/Scalability.ini]
[2021.10.27-12.58.48:128][  0]LogConfig: Setting CVar [[r.Streaming.MipBias:0]]
[2021.10.27-12.58.48:128][  0]LogConfig: Setting CVar [[r.Streaming.AmortizeCPUToGPUCopy:0]]
[2021.10.27-12.58.48:128][  0]LogConfig: Setting CVar [[r.Streaming.MaxNumTexturesToStreamPerFrame:0]]
[2021.10.27-12.58.48:128][  0]LogConfig: Setting CVar [[r.Streaming.Boost:1]]
[2021.10.27-12.58.48:128][  0]LogConfig: Setting CVar [[r.MaxAnisotropy:8]]
[2021.10.27-12.58.48:128][  0]LogConfig: Setting CVar [[r.Streaming.LimitPoolSizeToVRAM:0]]
[2021.10.27-12.58.48:128][  0]LogConfig: Setting CVar [[r.Streaming.PoolSize:1000]]
[2021.10.27-12.58.48:128][  0]LogConfig: Setting CVar [[r.Streaming.MaxEffectiveScreenSize:0]]
[2021.10.27-12.58.48:128][  0]LogConfig: Applying CVar settings from Section [EffectsQuality@3] File [D:/UE4Project/了无忧/Saved/Config/Windows/Scalability.ini]
[2021.10.27-12.58.48:128][  0]LogConfig: Setting CVar [[r.TranslucencyLightingVolumeDim:4]]
[2021.10.27-12.58.48:128][  0]LogConfig: Setting CVar [[r.RefractionQuality:2]]
[2021.10.27-12.58.48:128][  0]LogConfig: Setting CVar [[r.SSR.Quality:0]]
[2021.10.27-12.58.48:128][  0]LogConfig: Setting CVar [[r.SceneColorFormat:2]]
[2021.10.27-12.58.48:128][  0]LogConfig: Setting CVar [[r.DetailMode:2]]
[2021.10.27-12.58.48:128][  0]LogConfig: Setting CVar [[r.TranslucencyVolumeBlur:0]]
[2021.10.27-12.58.48:128][  0]LogConfig: Setting CVar [[r.MaterialQualityLevel:1 ; High quality]]
[2021.10.27-12.58.48:128][  0]LogConfig: Setting CVar [[r.SSS.Scale:1]]
[2021.10.27-12.58.48:128][  0]LogConfig: Setting CVar [[r.SSS.SampleSet:2]]
[2021.10.27-12.58.48:128][  0]LogConfig: Setting CVar [[r.SSS.Quality:1]]
[2021.10.27-12.58.48:128][  0]LogConfig: Setting CVar [[r.SSS.HalfRes:1]]
[2021.10.27-12.58.48:128][  0]LogConfig: Setting CVar [[r.EmitterSpawnRateScale:1.0]]
[2021.10.27-12.58.48:128][  0]LogConfig: Setting CVar [[r.ParticleLightQuality:2]]
[2021.10.27-12.58.48:128][  0]LogConfig: Applying CVar settings from Section [FoliageQuality@3] File [D:/UE4Project/了无忧/Saved/Config/Windows/Scalability.ini]
[2021.10.27-12.58.48:128][  0]LogConfig: Setting CVar [[foliage.DensityScale:1.0]]
[2021.10.27-12.58.48:128][  0]LogConfig: Setting CVar [[grass.DensityScale:1.0]]
[2021.10.27-12.58.48:128][  0]LogInit: Selected Device Profile: [Windows]
[2021.10.27-12.58.48:128][  0]LogInit: Applying CVar settings loaded from the selected device profile: [Windows]
[2021.10.27-12.58.48:139][  0]LogHAL: Display: Platform has ~ 16 GB [16860520448 / 17179869184 / 16], which maps to Larger [LargestMinGB=32, LargerMinGB=12, DefaultMinGB=8, SmallerMinGB=6, SmallestMinGB=0)
[2021.10.27-12.58.48:139][  0]LogConfig: Setting CVar [[r.Vulkan.UseRealUBs:0		; Required until we fix HLR fall-out]]
[2021.10.27-12.58.48:139][  0]LogInit: Going up to parent DeviceProfile []
[2021.10.27-12.58.48:139][  0]LogConfig: Applying CVar settings from Section [ViewDistanceQuality@3] File [D:/UE4Project/了无忧/Saved/Config/Windows/Scalability.ini]
[2021.10.27-12.58.48:139][  0]LogConfig: Setting CVar [[r.SkeletalMeshLODBias:0]]
[2021.10.27-12.58.48:139][  0]LogConfig: Setting CVar [[r.ViewDistanceScale:1.0]]
[2021.10.27-12.58.48:139][  0]LogConfig: Applying CVar settings from Section [AntiAliasingQuality@3] File [D:/UE4Project/了无忧/Saved/Config/Windows/Scalability.ini]
[2021.10.27-12.58.48:139][  0]LogConfig: Setting CVar [[r.PostProcessAAQuality:3]]
[2021.10.27-12.58.48:139][  0]LogConfig: Applying CVar settings from Section [ShadowQuality@3] File [D:/UE4Project/了无忧/Saved/Config/Windows/Scalability.ini]
[2021.10.27-12.58.48:139][  0]LogConfig: Setting CVar [[r.LightFunctionQuality:1]]
[2021.10.27-12.58.48:139][  0]LogConfig: Setting CVar [[r.ShadowQuality:5]]
[2021.10.27-12.58.48:139][  0]LogConfig: Setting CVar [[r.Shadow.CSM.MaxCascades:10]]
[2021.10.27-12.58.48:139][  0]LogConfig: Setting CVar [[r.Shadow.MaxResolution:2048]]
[2021.10.27-12.58.48:139][  0]LogConfig: Setting CVar [[r.Shadow.MaxCSMResolution:2048]]
[2021.10.27-12.58.48:139][  0]LogConfig: Setting CVar [[r.Shadow.RadiusThreshold:0.01]]
[2021.10.27-12.58.48:139][  0]LogConfig: Setting CVar [[r.Shadow.DistanceScale:1.0]]
[2021.10.27-12.58.48:139][  0]LogConfig: Setting CVar [[r.Shadow.CSM.TransitionScale:1.0]]
[2021.10.27-12.58.48:139][  0]LogConfig: Setting CVar [[r.Shadow.PreShadowResolutionFactor:1.0]]
[2021.10.27-12.58.48:139][  0]LogConfig: Setting CVar [[r.DistanceFieldShadowing:1]]
[2021.10.27-12.58.48:139][  0]LogConfig: Setting CVar [[r.DistanceFieldAO:1]]
[2021.10.27-12.58.48:139][  0]LogConfig: Setting CVar [[r.AOQuality:2]]
[2021.10.27-12.58.48:139][  0]LogConfig: Setting CVar [[r.VolumetricFog:1]]
[2021.10.27-12.58.48:139][  0]LogConfig: Setting CVar [[r.VolumetricFog.GridPixelSize:8]]
[2021.10.27-12.58.48:139][  0]LogConfig: Setting CVar [[r.VolumetricFog.GridSizeZ:128]]
[2021.10.27-12.58.48:139][  0]LogConfig: Setting CVar [[r.VolumetricFog.HistoryMissSupersampleCount:4]]
[2021.10.27-12.58.48:139][  0]LogConfig: Setting CVar [[r.LightMaxDrawDistanceScale:1]]
[2021.10.27-12.58.48:139][  0]LogConfig: Setting CVar [[r.CapsuleShadows:1]]
[2021.10.27-12.58.48:139][  0]LogConfig: Applying CVar settings from Section [PostProcessQuality@3] File [D:/UE4Project/了无忧/Saved/Config/Windows/Scalability.ini]
[2021.10.27-12.58.48:139][  0]LogConfig: Setting CVar [[r.MotionBlurQuality:0]]
[2021.10.27-12.58.48:139][  0]LogConfig: Setting CVar [[r.AmbientOcclusionMipLevelFactor:0.4]]
[2021.10.27-12.58.48:139][  0]LogConfig: Setting CVar [[r.AmbientOcclusionMaxQuality:100]]
[2021.10.27-12.58.48:139][  0]LogConfig: Setting CVar [[r.AmbientOcclusionLevels:0]]
[2021.10.27-12.58.48:139][  0]LogConfig: Setting CVar [[r.AmbientOcclusionRadiusScale:1.0]]
[2021.10.27-12.58.48:139][  0]LogConfig: Setting CVar [[r.DepthOfFieldQuality:0]]
[2021.10.27-12.58.48:139][  0]LogConfig: Setting CVar [[r.RenderTargetPoolMin:400]]
[2021.10.27-12.58.48:139][  0]LogConfig: Setting CVar [[r.LensFlareQuality:0]]
[2021.10.27-12.58.48:139][  0]LogConfig: Setting CVar [[r.SceneColorFringeQuality:0]]
[2021.10.27-12.58.48:139][  0]LogConfig: Setting CVar [[r.EyeAdaptationQuality:2]]
[2021.10.27-12.58.48:139][  0]LogConfig: Setting CVar [[r.BloomQuality:1]]
[2021.10.27-12.58.48:140][  0]LogConfig: Setting CVar [[r.FastBlurThreshold:0]]
[2021.10.27-12.58.48:140][  0]LogConfig: Setting CVar [[r.Upscale.Quality:3]]
[2021.10.27-12.58.48:140][  0]LogConfig: Setting CVar [[r.Tonemapper.GrainQuantization:1]]
[2021.10.27-12.58.48:140][  0]LogConfig: Setting CVar [[r.LightShaftQuality:1]]
[2021.10.27-12.58.48:140][  0]LogConfig: Setting CVar [[r.Filter.SizeScale:1]]
[2021.10.27-12.58.48:140][  0]LogConfig: Setting CVar [[r.Tonemapper.Quality:5]]
[2021.10.27-12.58.48:140][  0]LogConfig: Setting CVar [[r.DOF.Gather.AccumulatorQuality:1        ; higher gathering accumulator quality]]
[2021.10.27-12.58.48:140][  0]LogConfig: Setting CVar [[r.DOF.Gather.PostfilterMethod:1          ; Median3x3 postfilering method]]
[2021.10.27-12.58.48:140][  0]LogConfig: Setting CVar [[r.DOF.Gather.EnableBokehSettings:0       ; no bokeh simulation when gathering]]
[2021.10.27-12.58.48:140][  0]LogConfig: Setting CVar [[r.DOF.Gather.RingCount:4                 ; medium number of samples when gathering]]
[2021.10.27-12.58.48:140][  0]LogConfig: Setting CVar [[r.DOF.Scatter.ForegroundCompositing:1    ; additive foreground scattering]]
[2021.10.27-12.58.48:140][  0]LogConfig: Setting CVar [[r.DOF.Scatter.BackgroundCompositing:2    ; additive background scattering]]
[2021.10.27-12.58.48:140][  0]LogConfig: Setting CVar [[r.DOF.Scatter.EnableBokehSettings:1      ; bokeh simulation when scattering]]
[2021.10.27-12.58.48:140][  0]LogConfig: Setting CVar [[r.DOF.Scatter.MaxSpriteRatio:0.1         ; only a maximum of 10% of scattered bokeh]]
[2021.10.27-12.58.48:140][  0]LogConfig: Setting CVar [[r.DOF.Recombine.Quality:1                ; cheap slight out of focus]]
[2021.10.27-12.58.48:140][  0]LogConfig: Setting CVar [[r.DOF.Recombine.EnableBokehSettings:0    ; no bokeh simulation on slight out of focus]]
[2021.10.27-12.58.48:140][  0]LogConfig: Setting CVar [[r.DOF.TemporalAAQuality:1                ; more stable temporal accumulation]]
[2021.10.27-12.58.48:140][  0]LogConfig: Setting CVar [[r.DOF.Kernel.MaxForegroundRadius:0.025]]
[2021.10.27-12.58.48:140][  0]LogConfig: Setting CVar [[r.DOF.Kernel.MaxBackgroundRadius:0.025]]
[2021.10.27-12.58.48:140][  0]LogConfig: Applying CVar settings from Section [TextureQuality@3] File [D:/UE4Project/了无忧/Saved/Config/Windows/Scalability.ini]
[2021.10.27-12.58.48:140][  0]LogConfig: Setting CVar [[r.Streaming.MipBias:0]]
[2021.10.27-12.58.48:140][  0]LogConfig: Setting CVar [[r.Streaming.AmortizeCPUToGPUCopy:0]]
[2021.10.27-12.58.48:140][  0]LogConfig: Setting CVar [[r.Streaming.MaxNumTexturesToStreamPerFrame:0]]
[2021.10.27-12.58.48:140][  0]LogConfig: Setting CVar [[r.Streaming.Boost:1]]
[2021.10.27-12.58.48:140][  0]LogConfig: Setting CVar [[r.MaxAnisotropy:8]]
[2021.10.27-12.58.48:140][  0]LogConfig: Setting CVar [[r.Streaming.LimitPoolSizeToVRAM:0]]
[2021.10.27-12.58.48:140][  0]LogConfig: Setting CVar [[r.Streaming.PoolSize:1000]]
[2021.10.27-12.58.48:140][  0]LogConfig: Setting CVar [[r.Streaming.MaxEffectiveScreenSize:0]]
[2021.10.27-12.58.48:140][  0]LogConfig: Applying CVar settings from Section [EffectsQuality@3] File [D:/UE4Project/了无忧/Saved/Config/Windows/Scalability.ini]
[2021.10.27-12.58.48:140][  0]LogConfig: Setting CVar [[r.TranslucencyLightingVolumeDim:4]]
[2021.10.27-12.58.48:140][  0]LogConfig: Setting CVar [[r.RefractionQuality:2]]
[2021.10.27-12.58.48:140][  0]LogConfig: Setting CVar [[r.SSR.Quality:0]]
[2021.10.27-12.58.48:140][  0]LogConfig: Setting CVar [[r.SceneColorFormat:2]]
[2021.10.27-12.58.48:140][  0]LogConfig: Setting CVar [[r.DetailMode:2]]
[2021.10.27-12.58.48:140][  0]LogConfig: Setting CVar [[r.TranslucencyVolumeBlur:0]]
[2021.10.27-12.58.48:140][  0]LogConfig: Setting CVar [[r.MaterialQualityLevel:1 ; High quality]]
[2021.10.27-12.58.48:140][  0]LogConfig: Setting CVar [[r.SSS.Scale:1]]
[2021.10.27-12.58.48:140][  0]LogConfig: Setting CVar [[r.SSS.SampleSet:2]]
[2021.10.27-12.58.48:140][  0]LogConfig: Setting CVar [[r.SSS.Quality:1]]
[2021.10.27-12.58.48:140][  0]LogConfig: Setting CVar [[r.SSS.HalfRes:1]]
[2021.10.27-12.58.48:140][  0]LogConfig: Setting CVar [[r.EmitterSpawnRateScale:1.0]]
[2021.10.27-12.58.48:140][  0]LogConfig: Setting CVar [[r.ParticleLightQuality:2]]
[2021.10.27-12.58.48:140][  0]LogConfig: Applying CVar settings from Section [FoliageQuality@3] File [D:/UE4Project/了无忧/Saved/Config/Windows/Scalability.ini]
[2021.10.27-12.58.48:140][  0]LogConfig: Setting CVar [[foliage.DensityScale:1.0]]
[2021.10.27-12.58.48:140][  0]LogConfig: Setting CVar [[grass.DensityScale:1.0]]
[2021.10.27-12.58.48:140][  0]LogConfig: Applying CVar settings from Section [Startup] File [../../../Engine/Config/ConsoleVariables.ini]
[2021.10.27-12.58.48:141][  0]LogConfig: Setting CVar [[net.UseAdaptiveNetUpdateFrequency:0]]
[2021.10.27-12.58.48:141][  0]LogConfig: Setting CVar [[p.chaos.AllowCreatePhysxBodies:1]]
[2021.10.27-12.58.48:141][  0]LogConfig: Applying CVar settings from Section [ConsoleVariables] File [D:/UE4Project/了无忧/Saved/Config/Windows/Engine.ini]
[2021.10.27-12.58.48:141][  0]LogInit: Computer: DESKTOP-K6K5E71
[2021.10.27-12.58.48:141][  0]LogInit: User: HP
[2021.10.27-12.58.48:141][  0]LogInit: CPU Page size=4096, Cores=10
[2021.10.27-12.58.48:141][  0]LogInit: High frequency timer resolution =10.000000 MHz
[2021.10.27-12.58.48:141][  0]LogMemory: Memory total: Physical=15.7GB (16GB approx)
[2021.10.27-12.58.48:141][  0]LogMemory: Platform Memory Stats for Windows
[2021.10.27-12.58.48:141][  0]LogMemory: Process Physical Memory: 102.66 MB used, 102.67 MB peak
[2021.10.27-12.58.48:141][  0]LogMemory: Process Virtual Memory: 93.58 MB used, 93.58 MB peak
[2021.10.27-12.58.48:141][  0]LogMemory: Physical Memory: 6443.69 MB used,  9635.76 MB free, 16079.45 MB total
[2021.10.27-12.58.48:141][  0]LogMemory: Virtual Memory: 4698.58 MB used,  134213032.00 MB free, 134217728.00 MB total
[2021.10.27-12.58.48:299][  0]LogInit: Overriding language with editor language configuration option (en-001).
[2021.10.27-12.58.48:299][  0]LogInit: Overriding locale with editor locale configuration option (en-001).
[2021.10.27-12.58.48:300][  0]LogTextLocalizationManager: No specific localization for 'en-001' exists, so the 'en' localization will be used.
[2021.10.27-12.58.48:507][  0]LogInit: Setting process to per monitor DPI aware
[2021.10.27-12.58.48:552][  0]LogSlate: New Slate User Created.  User Index 0, Is Virtual User: 0
[2021.10.27-12.58.48:552][  0]LogSlate: Slate User Registered.  User Index 0, Is Virtual User: 0
[2021.10.27-12.59.09:594][  0]LogD3D11RHI: D3D11 adapters:
[2021.10.27-12.59.09:905][  0]LogD3D11RHI:    0. 'NVIDIA GeForce RTX 2080' (Feature Level 11_0)
[2021.10.27-12.59.09:905][  0]LogD3D11RHI:       8010/0/8039 MB DedicatedVideo/DedicatedSystem/SharedSystem, Outputs:2, VendorId:0x10de
[2021.10.27-12.59.09:912][  0]LogD3D11RHI:    1. 'Microsoft Basic Render Driver' (Feature Level 11_0)
[2021.10.27-12.59.09:912][  0]LogD3D11RHI:       0/0/8039 MB DedicatedVideo/DedicatedSystem/SharedSystem, Outputs:0, VendorId:0x1414
[2021.10.27-12.59.09:912][  0]LogD3D11RHI: Chosen D3D11 Adapter: 0
[2021.10.27-12.59.09:931][  0]LogD3D11RHI: Creating new Direct3DDevice
[2021.10.27-12.59.09:931][  0]LogD3D11RHI:     GPU DeviceId: 0x1e87 (for the marketing name, search the web for "GPU Device Id")
[2021.10.27-12.59.09:931][  0]LogWindows: EnumDisplayDevices:
[2021.10.27-12.59.09:932][  0]LogWindows:    0. 'NVIDIA GeForce RTX 2080' (P:1 D:1)
[2021.10.27-12.59.09:934][  0]LogWindows:    1. 'NVIDIA GeForce RTX 2080' (P:0 D:1)
[2021.10.27-12.59.09:936][  0]LogWindows:    2. 'NVIDIA GeForce RTX 2080' (P:0 D:0)
[2021.10.27-12.59.09:938][  0]LogWindows:    3. 'NVIDIA GeForce RTX 2080' (P:0 D:0)
[2021.10.27-12.59.09:939][  0]LogWindows: DebugString: FoundDriverCount:4 
[2021.10.27-12.59.09:939][  0]LogD3D11RHI:     Adapter Name: NVIDIA GeForce RTX 2080
[2021.10.27-12.59.09:939][  0]LogD3D11RHI:   Driver Version: 472.12 (internal:30.0.14.7212, unified:472.12)
[2021.10.27-12.59.09:939][  0]LogD3D11RHI:      Driver Date: 9-13-2021
[2021.10.27-12.59.09:939][  0]LogRHI: Texture pool is 5607 MB (70% of 8010 MB)
[2021.10.27-12.59.10:196][  0]LogD3D11RHI: Async texture creation enabled
[2021.10.27-12.59.10:206][  0]LogRendererCore: FGlobalReadBuffer::InitRHI
[2021.10.27-12.59.10:207][  0]LogRendererCore: FGlobalReadBuffer::InitRHI
[2021.10.27-12.59.10:207][  0]LogRendererCore: FGlobalReadBuffer::InitRHI
[2021.10.27-12.59.10:218][  0]LogD3D11RHI: GPU Timing Frequency: 1000.000000 (Debug: 2 1)
[2021.10.27-12.59.12:330][  0]LogTemp: Display: Module 'AllDesktopTargetPlatform' loaded TargetPlatform 'AllDesktop'
[2021.10.27-12.59.12:383][  0]LogTemp: Display: Module 'MacClientTargetPlatform' loaded TargetPlatform 'MacClient'
[2021.10.27-12.59.12:436][  0]LogTemp: Display: Module 'MacNoEditorTargetPlatform' loaded TargetPlatform 'MacNoEditor'
[2021.10.27-12.59.12:490][  0]LogTemp: Display: Module 'MacServerTargetPlatform' loaded TargetPlatform 'MacServer'
[2021.10.27-12.59.12:549][  0]LogTemp: Display: Module 'MacTargetPlatform' loaded TargetPlatform 'Mac'
[2021.10.27-12.59.12:599][  0]LogTemp: Display: Module 'WindowsClientTargetPlatform' loaded TargetPlatform 'WindowsClient'
[2021.10.27-12.59.12:646][  0]LogTemp: Display: Module 'WindowsNoEditorTargetPlatform' loaded TargetPlatform 'WindowsNoEditor'
[2021.10.27-12.59.12:697][  0]LogTemp: Display: Module 'WindowsServerTargetPlatform' loaded TargetPlatform 'WindowsServer'
[2021.10.27-12.59.12:722][  0]LogTemp: Display: Module 'WindowsTargetPlatform' loaded TargetPlatform 'Windows'
[2021.10.27-12.59.13:033][  0]LogTemp: Display: Module 'AndroidTargetPlatform' loaded TargetPlatform 'Android'
[2021.10.27-12.59.13:033][  0]LogTemp: Display: Module 'AndroidTargetPlatform' loaded TargetPlatform 'Android_ASTC'
[2021.10.27-12.59.13:033][  0]LogTemp: Display: Module 'AndroidTargetPlatform' loaded TargetPlatform 'Android_ATC'
[2021.10.27-12.59.13:033][  0]LogTemp: Display: Module 'AndroidTargetPlatform' loaded TargetPlatform 'Android_DXT'
[2021.10.27-12.59.13:033][  0]LogTemp: Display: Module 'AndroidTargetPlatform' loaded TargetPlatform 'Android_ETC1'
[2021.10.27-12.59.13:033][  0]LogTemp: Display: Module 'AndroidTargetPlatform' loaded TargetPlatform 'Android_ETC1a'
[2021.10.27-12.59.13:033][  0]LogTemp: Display: Module 'AndroidTargetPlatform' loaded TargetPlatform 'Android_ETC2'
[2021.10.27-12.59.13:033][  0]LogTemp: Display: Module 'AndroidTargetPlatform' loaded TargetPlatform 'Android_PVRTC'
[2021.10.27-12.59.13:033][  0]LogTemp: Display: Module 'AndroidTargetPlatform' loaded TargetPlatform 'AndroidClient'
[2021.10.27-12.59.13:033][  0]LogTemp: Display: Module 'AndroidTargetPlatform' loaded TargetPlatform 'Android_ASTCClient'
[2021.10.27-12.59.13:033][  0]LogTemp: Display: Module 'AndroidTargetPlatform' loaded TargetPlatform 'Android_ATCClient'
[2021.10.27-12.59.13:033][  0]LogTemp: Display: Module 'AndroidTargetPlatform' loaded TargetPlatform 'Android_DXTClient'
[2021.10.27-12.59.13:034][  0]LogTemp: Display: Module 'AndroidTargetPlatform' loaded TargetPlatform 'Android_ETC1Client'
[2021.10.27-12.59.13:034][  0]LogTemp: Display: Module 'AndroidTargetPlatform' loaded TargetPlatform 'Android_ETC1aClient'
[2021.10.27-12.59.13:034][  0]LogTemp: Display: Module 'AndroidTargetPlatform' loaded TargetPlatform 'Android_ETC2Client'
[2021.10.27-12.59.13:034][  0]LogTemp: Display: Module 'AndroidTargetPlatform' loaded TargetPlatform 'Android_PVRTCClient'
[2021.10.27-12.59.13:034][  0]LogTemp: Display: Module 'AndroidTargetPlatform' loaded TargetPlatform 'Android_Multi'
[2021.10.27-12.59.13:034][  0]LogTemp: Display: Module 'AndroidTargetPlatform' loaded TargetPlatform 'Android_MultiClient'
[2021.10.27-12.59.13:046][  0]LogTemp: Display: Module 'HTML5TargetPlatform' loaded TargetPlatform 'HTML5'
[2021.10.27-12.59.13:182][  0]LogTemp: Display: Module 'IOSTargetPlatform' loaded TargetPlatform 'IOSClient'
[2021.10.27-12.59.13:182][  0]LogTemp: Display: Module 'IOSTargetPlatform' loaded TargetPlatform 'IOS'
[2021.10.27-12.59.13:275][  0]LogTemp: Display: Module 'TVOSTargetPlatform' loaded TargetPlatform 'TVOSClient'
[2021.10.27-12.59.13:275][  0]LogTemp: Display: Module 'TVOSTargetPlatform' loaded TargetPlatform 'TVOS'
[2021.10.27-12.59.13:324][  0]LogTemp: Display: Module 'LinuxClientTargetPlatform' loaded TargetPlatform 'LinuxClient'
[2021.10.27-12.59.13:374][  0]LogTemp: Display: Module 'LinuxNoEditorTargetPlatform' loaded TargetPlatform 'LinuxNoEditor'
[2021.10.27-12.59.13:424][  0]LogTemp: Display: Module 'LinuxServerTargetPlatform' loaded TargetPlatform 'LinuxServer'
[2021.10.27-12.59.13:475][  0]LogTemp: Display: Module 'LinuxTargetPlatform' loaded TargetPlatform 'Linux'
[2021.10.27-12.59.13:690][  0]LogTemp: Display: Module 'LuminTargetPlatform' loaded TargetPlatform 'Lumin'
[2021.10.27-12.59.13:690][  0]LogTemp: Display: Module 'LuminTargetPlatform' loaded TargetPlatform 'LuminClient'
[2021.10.27-12.59.13:691][  0]LogTargetPlatformManager: Display: Building Assets For Windows
[2021.10.27-12.59.13:722][  0]LogAudioDebug: Display: Lib vorbis DLL was dynamically loaded.
[2021.10.27-12.59.13:904][  0]LogShaderCompilers: Guid format shader working directory is 27 characters bigger than the processId version (../../../../了无忧/Intermediate/Shaders/WorkingDirectory/29040/).
[2021.10.27-12.59.13:906][  0]LogShaderCompilers: Cleaned the shader compiler working directory 'C:/Users/HP/AppData/Local/Temp/UnrealShaderWorkingDir/0F22858B478581D9A7208EB15735AF81/'.
[2021.10.27-12.59.13:913][  0]LogXGEController: Cannot use XGE Controller as Incredibuild is not installed on this machine.
[2021.10.27-12.59.13:914][  0]LogShaderCompilers: Cannot use XGE Shader Compiler as Incredibuild is not installed on this machine.
[2021.10.27-12.59.13:914][  0]LogShaderCompilers: Display: Using Local Shader Compiler.
[2021.10.27-12.59.16:215][  0]LogDerivedDataCache: Display: Max Cache Size: 512 MB
[2021.10.27-12.59.16:561][  0]LogDerivedDataCache: Loaded boot cache 0.34s 71MB C:/Users/HP/AppData/Local/UnrealEngine/4.22/DerivedDataCache/Boot.ddc.
[2021.10.27-12.59.16:561][  0]LogDerivedDataCache: Display: Loaded Boot cache: C:/Users/HP/AppData/Local/UnrealEngine/4.22/DerivedDataCache/Boot.ddc
[2021.10.27-12.59.16:562][  0]LogDerivedDataCache: FDerivedDataBackendGraph:  Pak pak cache file ../../../../了无忧/DerivedDataCache/DDC.ddp not found, will not use a pak cache.
[2021.10.27-12.59.16:562][  0]LogDerivedDataCache: Unable to find inner node Pak for hierarchical cache Hierarchy.
[2021.10.27-12.59.16:562][  0]LogDerivedDataCache: FDerivedDataBackendGraph:  CompressedPak pak cache file ../../../../了无忧/DerivedDataCache/Compressed.ddp not found, will not use a pak cache.
[2021.10.27-12.59.16:562][  0]LogDerivedDataCache: Unable to find inner node CompressedPak for hierarchical cache Hierarchy.
[2021.10.27-12.59.16:610][  0]LogDerivedDataCache: Display: Pak cache opened for reading ../../../Engine/DerivedDataCache/Compressed.ddp.
[2021.10.27-12.59.16:611][  0]LogDerivedDataCache: FDerivedDataBackendGraph:  EnterprisePak pak cache file ../../../Enterprise/DerivedDataCache/Compressed.ddp not found, will not use a pak cache.
[2021.10.27-12.59.16:611][  0]LogDerivedDataCache: Unable to find inner node EnterprisePak for hierarchical cache Hierarchy.
[2021.10.27-12.59.16:638][  0]LogDerivedDataCache: Using Local data cache path C:/Users/HP/AppData/Local/UnrealEngine/Common/DerivedDataCache: Writable
[2021.10.27-12.59.16:638][  0]LogDerivedDataCache: Shared data cache path not found in *engine.ini, will not use an Shared cache.
[2021.10.27-12.59.16:638][  0]LogDerivedDataCache: Unable to find inner node Shared for hierarchical cache Hierarchy.
[2021.10.27-12.59.17:002][  0]LogMaterial: Verifying Global Shaders for PCD3D_SM5
[2021.10.27-12.59.17:006][  0]LogSlate: Using FreeType 2.6.0
[2021.10.27-12.59.17:009][  0]LogSlate: SlateFontServices - WITH_FREETYPE: 1, WITH_HARFBUZZ: 1
[2021.10.27-12.59.17:397][  0]LogAssetRegistry: FAssetRegistry took 0.1011 seconds to start up
[2021.10.27-12.59.19:057][  0]LogInit: Selected Device Profile: [Windows]
[2021.10.27-12.59.19:511][  0]LogMeshReduction: Using QuadricMeshReduction for automatic static mesh reduction
[2021.10.27-12.59.19:511][  0]LogMeshReduction: Using SimplygonMeshReduction for automatic skeletal mesh reduction
[2021.10.27-12.59.19:511][  0]LogMeshReduction: Using ProxyLODMeshReduction for automatic mesh merging
[2021.10.27-12.59.19:511][  0]LogMeshReduction: No distributed automatic mesh merging module available
[2021.10.27-12.59.19:511][  0]LogMeshMerging: No distributed automatic mesh merging module available
[2021.10.27-12.59.19:586][  0]LogNetVersion: 了无忧 1.0.0, NetCL: 5660361, EngineNetVer: 10, GameNetVer: 0 (Checksum: 3095921557)
[2021.10.27-12.59.21:609][  0]LogPackageLocalizationCache: Processed 10 localized package path(s) for 1 prioritized culture(s) in 0.312189 seconds
[2021.10.27-12.59.21:673][  0]LogUObjectArray: 42205 objects as part of root set at end of initial load.
[2021.10.27-12.59.21:674][  0]LogUObjectAllocator: 7325032 out of 0 bytes used by permanent object pool.
[2021.10.27-12.59.21:674][  0]LogUObjectArray: CloseDisregardForGC: 0/0 objects in disregard for GC pool
[2021.10.27-12.59.24:822][  0]LogTcpMessaging: Initializing TcpMessaging bridge
[2021.10.27-12.59.24:848][  0]LogUdpMessaging: Initializing bridge on interface 0.0.0.0:0 to multicast group 230.0.0.1:6666.
[2021.10.27-12.59.25:104][  0]SourceControl: Source control is disabled
[2021.10.27-12.59.25:105][  0]SourceControl: Source control is disabled
[2021.10.27-12.59.25:110][  0]SourceControl: Source control is disabled
[2021.10.27-12.59.25:113][  0]SourceControl: Source control is disabled
[2021.10.27-12.59.25:364][  0]LogAndroidPermission: UAndroidPermissionCallbackProxy::GetInstance
[2021.10.27-12.59.25:679][  0]LogOcInput: OculusInput pre-init called
[2021.10.27-12.59.26:808][  0]LogEngine: Initializing Engine...
[2021.10.27-12.59.26:810][  0]LogHMD: SteamVR initialized.  Driver: lighthouse  Display: LHR-E2BAAB8B
[2021.10.27-12.59.26:811][  0]LogStats: UGameplayTagsManager::InitializeManager -  0.000 s
[2021.10.27-12.59.27:074][  0]LogInit: Initializing FReadOnlyCVARCache
[2021.10.27-12.59.27:086][  0]LogAIModule: Creating AISystem for world Untitled
[2021.10.27-12.59.27:163][  0]LogInit: XAudio2 using '扬声器 (Realtek High Definition Audio)' : 2 channels at 48 kHz using 32 bits per sample (channel mask 0x3)
[2021.10.27-12.59.27:214][  0]LogInit: FAudioDevice initialized.
[2021.10.27-12.59.27:214][  0]LogNetVersion: Set ProjectVersion to 1.0.0.0. Version Checksum will be recalculated on next use.
[2021.10.27-12.59.27:262][  0]LogDerivedDataCache: Saved boot cache 0.05s 71MB C:/Users/HP/AppData/Local/UnrealEngine/4.22/DerivedDataCache/Boot.ddc.
[2021.10.27-12.59.27:270][  0]LogInit: Texture streaming: Enabled
[2021.10.27-12.59.27:291][  0]LogEngineSessionManager: EngineSessionManager initialized
[2021.10.27-12.59.27:316][  0]LogInit: Transaction tracking system initialized
[2021.10.27-12.59.27:337][  0]BlueprintLog: New page: Editor Load
[2021.10.27-12.59.27:417][  0]LocalizationService: Localization service is disabled
[2021.10.27-12.59.27:760][  0]LogCook: Display: Max memory allowance for cook 16384mb min free memory 0mb
[2021.10.27-12.59.27:760][  0]LogCook: Display: Mobile HDR setting 1
[2021.10.27-12.59.27:787][  0]LogFileCache: Scanning file cache for directory 'D:/UE4Project/了无忧/Content/' took 0.05s
[2021.10.27-12.59.27:977][  0]SourceControl: Source control is disabled
[2021.10.27-12.59.27:977][  0]Cmd: MAP LOAD FILE="../../../../了无忧/Content/VirtualRealityBP/Maps/wuyoufang.umap" TEMPLATE=0 SHOWPROGRESS=1 FEATURELEVEL=3
[2021.10.27-12.59.27:978][  0]LightingResults: New page: Lighting Build
[2021.10.27-12.59.27:980][  0]MapCheck: New page: Map Check
[2021.10.27-12.59.27:980][  0]LightingResults: New page: Lighting Build
[2021.10.27-12.59.28:039][  0]LogUObjectHash: Compacting FUObjectHashTables data took   2.15ms
[2021.10.27-12.59.30:269][  0]LogTexture: Warning: Texture2D /Game/ui/UI_PU_XXX1.UI_PU_XXX1 cannot be created, exceeds this rhi's maximum dimension (16384) and has no mip chain to fall back on.
[2021.10.27-12.59.30:278][  0]LogMaterial: Display: Missing cached shader map for material yinfu1_songbie, compiling. 
[2021.10.27-12.59.30:278][  0]LogMaterial: Warning: D:\UE4Project\了无忧\Content\ui\yinfu1_songbie.uasset: Failed to compile Material for platform PCD3D_SM5, Default Material will be used in game.
[2021.10.27-12.59.30:279][  0]LogMaterial: 	(Node TextureSample) Texture Sample> Missing input texture
[2021.10.27-12.59.32:250][  0]LogAIModule: Creating AISystem for world wuyoufang
[2021.10.27-12.59.32:277][  0]LogEditorServer: Finished looking for orphan Actors (0.000 secs)
[2021.10.27-12.59.32:349][  0]LogUObjectHash: Compacting FUObjectHashTables data took   4.00ms
[2021.10.27-12.59.32:349][  0]Cmd: MAP CHECKDEP NOCLEARLOG
[2021.10.27-12.59.32:349][  0]MapCheck: Map check complete: 0 Error(s), 0 Warning(s), took 0.149ms to complete.
[2021.10.27-12.59.32:349][  0]LogFileHelpers: Loading map 'wuyoufang' took 4.372
[2021.10.27-12.59.32:481][  0]LogSlate: Updating window title bar state: overlay mode, drag disabled, window buttons hidden, title bar hidden
[2021.10.27-12.59.32:491][  0]LogSlate: Updating window title bar state: overlay mode, drag disabled, window buttons hidden, title bar hidden
[2021.10.27-12.59.32:501][  0]LogSlate: Updating window title bar state: overlay mode, drag disabled, window buttons hidden, title bar hidden
[2021.10.27-12.59.32:511][  0]LogSlate: Updating window title bar state: overlay mode, drag disabled, window buttons hidden, title bar hidden
[2021.10.27-12.59.32:517][  0]LogCollectionManager: Loaded 0 collections in 0.001392 seconds
[2021.10.27-12.59.32:556][  0]LogFileCache: Scanning file cache for directory 'D:/UE4Project/了无忧/Saved/Collections/' took 0.01s
[2021.10.27-12.59.32:556][  0]LogFileCache: Scanning file cache for directory 'D:/UE4Project/了无忧/Content/Developers/HP/Collections/' took 0.01s
[2021.10.27-12.59.32:556][  0]LogFileCache: Scanning file cache for directory 'D:/UE4Project/了无忧/Content/Collections/' took 0.01s
[2021.10.27-12.59.32:556][  0]LogCollectionManager: Rebuilt the GUID cache for 0 collections in 0.000001 seconds
[2021.10.27-12.59.32:570][  0]LogContentBrowser: Native class hierarchy populated in 0.0130 seconds. Added 2732 classes and 659 folders.
[2021.10.27-12.59.32:580][  0]LogContentBrowser: Native class hierarchy updated for 'WidgetCarousel' in 0.0004 seconds. Added 0 classes and 0 folders.
[2021.10.27-12.59.32:582][  0]LogPakFile: Registered encryption key '00000000000000000000000000000000': 0 pak files mounted, 0 remain pending
[2021.10.27-12.59.32:583][  0]LogPakFile: Registered encryption key '00000000000000000000000000000000': 0 pak files mounted, 0 remain pending
[2021.10.27-12.59.32:584][  0]LogPakFile: Registered encryption key '00000000000000000000000000000000': 0 pak files mounted, 0 remain pending
[2021.10.27-12.59.32:585][  0]LogPakFile: Registered encryption key '00000000000000000000000000000000': 0 pak files mounted, 0 remain pending
[2021.10.27-12.59.32:586][  0]LogPakFile: Registered encryption key '00000000000000000000000000000000': 0 pak files mounted, 0 remain pending
[2021.10.27-12.59.32:587][  0]LogPakFile: Registered encryption key '00000000000000000000000000000000': 0 pak files mounted, 0 remain pending
[2021.10.27-12.59.32:588][  0]LogPakFile: Registered encryption key '00000000000000000000000000000000': 0 pak files mounted, 0 remain pending
[2021.10.27-12.59.32:589][  0]LogPakFile: Registered encryption key '00000000000000000000000000000000': 0 pak files mounted, 0 remain pending
[2021.10.27-12.59.32:590][  0]LogPakFile: Registered encryption key '00000000000000000000000000000000': 0 pak files mounted, 0 remain pending
[2021.10.27-12.59.32:591][  0]LogPakFile: Registered encryption key '00000000000000000000000000000000': 0 pak files mounted, 0 remain pending
[2021.10.27-12.59.32:592][  0]LogPakFile: Registered encryption key '00000000000000000000000000000000': 0 pak files mounted, 0 remain pending
[2021.10.27-12.59.32:593][  0]LogPakFile: Registered encryption key '00000000000000000000000000000000': 0 pak files mounted, 0 remain pending
[2021.10.27-12.59.32:594][  0]LogPakFile: Registered encryption key '00000000000000000000000000000000': 0 pak files mounted, 0 remain pending
[2021.10.27-12.59.32:595][  0]LogPakFile: Registered encryption key '00000000000000000000000000000000': 0 pak files mounted, 0 remain pending
[2021.10.27-12.59.32:596][  0]LogPakFile: Registered encryption key '00000000000000000000000000000000': 0 pak files mounted, 0 remain pending
[2021.10.27-12.59.32:597][  0]LogPakFile: Registered encryption key '00000000000000000000000000000000': 0 pak files mounted, 0 remain pending
[2021.10.27-12.59.32:598][  0]LogPakFile: Registered encryption key '00000000000000000000000000000000': 0 pak files mounted, 0 remain pending
[2021.10.27-12.59.32:598][  0]LogPakFile: Registered encryption key '00000000000000000000000000000000': 0 pak files mounted, 0 remain pending
[2021.10.27-12.59.32:599][  0]LogPakFile: Registered encryption key '00000000000000000000000000000000': 0 pak files mounted, 0 remain pending
[2021.10.27-12.59.32:600][  0]LogPakFile: Registered encryption key '00000000000000000000000000000000': 0 pak files mounted, 0 remain pending
[2021.10.27-12.59.32:601][  0]LogPakFile: Registered encryption key '00000000000000000000000000000000': 0 pak files mounted, 0 remain pending
[2021.10.27-12.59.32:602][  0]LogPakFile: Registered encryption key '00000000000000000000000000000000': 0 pak files mounted, 0 remain pending
[2021.10.27-12.59.32:603][  0]LogPakFile: Registered encryption key '00000000000000000000000000000000': 0 pak files mounted, 0 remain pending
[2021.10.27-12.59.32:604][  0]LogPakFile: Registered encryption key '00000000000000000000000000000000': 0 pak files mounted, 0 remain pending
[2021.10.27-12.59.32:605][  0]LogPakFile: Registered encryption key '00000000000000000000000000000000': 0 pak files mounted, 0 remain pending
[2021.10.27-12.59.32:605][  0]LogPakFile: Registered encryption key '00000000000000000000000000000000': 0 pak files mounted, 0 remain pending
[2021.10.27-12.59.32:664][  0]LogContentBrowser: Native class hierarchy updated for 'AddContentDialog' in 0.0004 seconds. Added 0 classes and 0 folders.
[2021.10.27-12.59.32:670][  0]LogContentBrowser: Native class hierarchy updated for 'SceneOutliner' in 0.0005 seconds. Added 1 classes and 2 folders.
[2021.10.27-12.59.32:804][  0]LogSlate: Took 0.000296 seconds to synchronously load lazily loaded font '../../../Engine/Content/Slate/Fonts/Roboto-Regular.ttf' (155K)
[2021.10.27-12.59.32:807][  0]LogSlate: Took 0.002020 seconds to synchronously load lazily loaded font '../../../Engine/Content/Slate/Fonts/DroidSansFallback.ttf' (3848K)
[2021.10.27-12.59.32:808][  0]LogSlate: Took 0.000303 seconds to synchronously load lazily loaded font '../../../Engine/Content/Slate/Fonts/Roboto-Bold.ttf' (160K)
[2021.10.27-12.59.32:815][  0]LogSlate: Took 0.000324 seconds to synchronously load lazily loaded font '../../../Engine/Content/Editor/Slate/Fonts/FontAwesome.ttf' (139K)
[2021.10.27-12.59.32:900][  0]LogRenderer: Reallocating scene render targets to support 948x572 Format 26 NumSamples 1 (Frame:1).
[2021.10.27-12.59.32:974][  0]LogSlate: Took 0.000316 seconds to synchronously load lazily loaded font '../../../Engine/Content/Slate/Fonts/Roboto-Light.ttf' (167K)
[2021.10.27-12.59.33:079][  0]LogContentBrowser: Native class hierarchy updated for 'HierarchicalLODOutliner' in 0.0004 seconds. Added 0 classes and 0 folders.
[2021.10.27-12.59.33:079][  0]LogLoad: (Engine Initialization) Total time: 48.74 seconds
[2021.10.27-12.59.33:079][  0]LogLoad: (Engine Initialization) Total Blueprint compile time: 0.00 seconds
[2021.10.27-12.59.33:154][  0]LogAssetRegistry: Asset discovery search completed in 15.7970 seconds
[2021.10.27-12.59.33:158][  0]LogCollectionManager: Rebuilt the object cache for 0 collections in 0.000001 seconds (found 0 objects)
[2021.10.27-12.59.33:158][  0]LogCollectionManager: Fixed up redirectors for 0 collections in 0.000079 seconds (updated 0 objects)
[2021.10.27-12.59.33:172][  0]LogContentStreaming: Texture pool size now 1000 MB
[2021.10.27-12.59.33:390][  1]LogFileCache: Retrieving MD5 hashes for directory 'D:/UE4Project/了无忧/Content/' took 0.28s
[2021.10.27-12.59.34:136][ 22]LogSlate: Took 0.000448 seconds to synchronously load lazily loaded font '../../../Engine/Content/Slate/Fonts/Roboto-Light.ttf' (167K)
[2021.10.27-12.59.37:962][ 49]LogUObjectHash: Compacting FUObjectHashTables data took   4.44ms
[2021.10.27-12.59.38:858][ 49]LogSlate: Window '了无忧 - Unreal Editor' being destroyed
[2021.10.27-12.59.40:074][ 50]Cmd: QUIT_EDITOR
[2021.10.27-12.59.40:510][ 50]LogHMD: SteamVR Shutting down.
[2021.10.27-12.59.40:566][ 50]LogWindowsTextInputMethodSystem: Display: IME system now deactivated.
[2021.10.27-12.59.40:743][ 50]LogExit: Preparing to exit.
[2021.10.27-12.59.43:136][ 50]LogExit: Editor shut down
[2021.10.27-12.59.43:137][ 50]LogExit: Transaction tracking system shut down
[2021.10.27-12.59.45:585][ 50]LogExit: Object subsystem successfully closed.
[2021.10.27-12.59.52:485][ 50]LogShaderCompilers: Display: Shaders left to compile 0
[2021.10.27-12.59.52:513][ 50]LogD3D11RHI: Shutdown
[2021.10.27-12.59.52:513][ 50]LogD3D11RHI: CleanupD3DDevice
[2021.10.27-12.59.52:524][ 50]LogRendererCore: FGlobalReadBuffer::ReleaseRHI
[2021.10.27-12.59.52:524][ 50]LogRendererCore: FGlobalDynamicReadBuffer::Cleanup()
[2021.10.27-12.59.52:533][ 50]LogRendererCore: FGlobalReadBuffer::ReleaseRHI
[2021.10.27-12.59.52:533][ 50]LogRendererCore: FGlobalDynamicReadBuffer::Cleanup()
[2021.10.27-12.59.52:533][ 50]LogRendererCore: FGlobalReadBuffer::ReleaseRHI
[2021.10.27-12.59.52:533][ 50]LogRendererCore: FGlobalDynamicReadBuffer::Cleanup()
[2021.10.27-12.59.52:536][ 50]LogD3D11RHI: ~FD3D11DynamicRHI
[2021.10.27-12.59.53:769][ 50]LogModuleManager: Shutting down and abandoning module HierarchicalLODOutliner (642)
[2021.10.27-12.59.53:769][ 50]LogModuleManager: Shutting down and abandoning module SceneOutliner (640)
[2021.10.27-12.59.53:769][ 50]LogModuleManager: Shutting down and abandoning module AddContentDialog (638)
[2021.10.27-12.59.53:787][ 50]LogModuleManager: Shutting down and abandoning module WidgetCarousel (637)
[2021.10.27-12.59.53:787][ 50]LogModuleManager: Shutting down and abandoning module EditorWidgets (634)
[2021.10.27-12.59.53:787][ 50]LogModuleManager: Shutting down and abandoning module CollectionManager (632)
[2021.10.27-12.59.53:787][ 50]LogModuleManager: Shutting down and abandoning module StatsViewer (630)
[2021.10.27-12.59.53:793][ 50]LogModuleManager: Shutting down and abandoning module FoliageEdit (628)
[2021.10.27-12.59.53:806][ 50]LogModuleManager: Shutting down and abandoning module LandscapeEditor (626)
[2021.10.27-12.59.53:819][ 50]LogModuleManager: Shutting down and abandoning module MeshPaintMode (624)
[2021.10.27-12.59.53:826][ 50]LogModuleManager: Shutting down and abandoning module SceneDepthPickerMode (622)
[2021.10.27-12.59.53:826][ 50]LogModuleManager: Shutting down and abandoning module ActorPickerMode (620)
[2021.10.27-12.59.53:826][ 50]LogModuleManager: Shutting down and abandoning module GeometryMode (618)
[2021.10.27-12.59.53:826][ 50]LogModuleManager: Shutting down and abandoning module TextureAlignMode (616)
[2021.10.27-12.59.53:826][ 50]LogModuleManager: Shutting down and abandoning module BspMode (614)
[2021.10.27-12.59.53:826][ 50]LogModuleManager: Shutting down and abandoning module PIEPreviewDeviceProfileSelector (612)
[2021.10.27-12.59.53:835][ 50]LogModuleManager: Shutting down and abandoning module SequenceRecorderSections (610)
[2021.10.27-12.59.53:835][ 50]LogModuleManager: Shutting down and abandoning module AutomationWorker (608)
[2021.10.27-12.59.53:843][ 50]LogModuleManager: Shutting down and abandoning module OculusMR (606)
[2021.10.27-12.59.53:843][ 50]LogModuleManager: Shutting down and abandoning module AudioCaptureEditor (604)
[2021.10.27-12.59.53:852][ 50]LogModuleManager: Shutting down and abandoning module MatineeToLevelSequence (602)
[2021.10.27-12.59.53:863][ 50]LogModuleManager: Shutting down and abandoning module LevelSequenceEditor (600)
[2021.10.27-12.59.53:879][ 50]LogModuleManager: Shutting down and abandoning module PlacementMode (599)
[2021.10.27-12.59.53:879][ 50]LogModuleManager: Shutting down and abandoning module MaterialEditor (598)
[2021.10.27-12.59.53:913][ 50]LogModuleManager: Shutting down and abandoning module ActorSequenceEditor (594)
[2021.10.27-12.59.53:926][ 50]LogModuleManager: Shutting down and abandoning module WmfMediaFactory (592)
[2021.10.27-12.59.53:926][ 50]LogModuleManager: Shutting down and abandoning module WmfMediaEditor (590)
[2021.10.27-12.59.53:926][ 50]LogModuleManager: Shutting down and abandoning module WebMMediaFactory (588)
[2021.10.27-12.59.53:926][ 50]LogModuleManager: Shutting down and abandoning module WebMMediaEditor (586)
[2021.10.27-12.59.53:926][ 50]LogModuleManager: Shutting down and abandoning module WebMMedia (584)
[2021.10.27-12.59.53:937][ 50]LogModuleManager: Shutting down and abandoning module MediaPlayerEditor (582)
[2021.10.27-12.59.53:999][ 50]LogModuleManager: Shutting down and abandoning module MediaCompositingEditor (580)
[2021.10.27-12.59.54:016][ 50]LogModuleManager: Shutting down and abandoning module SequenceRecorder (579)
[2021.10.27-12.59.54:016][ 50]LogModuleManager: Shutting down and abandoning module OpenExrWrapper (576)
[2021.10.27-12.59.54:016][ 50]LogModuleManager: Shutting down and abandoning module ImgMediaFactory (574)
[2021.10.27-12.59.54:016][ 50]LogModuleManager: Shutting down and abandoning module ImgMediaEditor (572)
[2021.10.27-12.59.54:016][ 50]LogModuleManager: Shutting down and abandoning module AvfMediaFactory (570)
[2021.10.27-12.59.54:016][ 50]LogModuleManager: Shutting down and abandoning module AvfMediaEditor (568)
[2021.10.27-12.59.54:016][ 50]LogModuleManager: Shutting down and abandoning module AndroidMediaFactory (566)
[2021.10.27-12.59.54:016][ 50]LogModuleManager: Shutting down and abandoning module AndroidMediaEditor (564)
[2021.10.27-12.59.54:016][ 50]LogModuleManager: Shutting down and abandoning module MagicLeapCameraPreviewFactory (562)
[2021.10.27-12.59.54:016][ 50]LogModuleManager: Shutting down and abandoning module MagicLeapMediaCodecFactory (560)
[2021.10.27-12.59.54:016][ 50]LogModuleManager: Shutting down and abandoning module MagicLeapMediaFactory (558)
[2021.10.27-12.59.54:016][ 50]LogModuleManager: Shutting down and abandoning module MagicLeapMediaEditor (556)
[2021.10.27-12.59.54:016][ 50]LogModuleManager: Shutting down and abandoning module CharacterAI (554)
[2021.10.27-12.59.54:016][ 50]LogModuleManager: Shutting down and abandoning module SmartSnapping (552)
[2021.10.27-12.59.54:016][ 50]LogModuleManager: Shutting down and abandoning module SessionServices (550)
[2021.10.27-12.59.54:016][ 50]LogModuleManager: Shutting down and abandoning module MeshPaint (548)
[2021.10.27-12.59.54:021][ 50]LogModuleManager: Shutting down and abandoning module ViewportSnapping (546)
[2021.10.27-12.59.54:021][ 50]LogModuleManager: Shutting down and abandoning module ViewportInteraction (544)
[2021.10.27-12.59.54:021][ 50]LogModuleManager: Shutting down and abandoning module ClothPainter (542)
[2021.10.27-12.59.54:045][ 50]LogModuleManager: Shutting down and abandoning module SkeletalMeshEditor (541)
[2021.10.27-12.59.54:058][ 50]LogModuleManager: Shutting down and abandoning module LogVisualizer (538)
[2021.10.27-12.59.54:073][ 50]LogModuleManager: Shutting down and abandoning module IntroTutorials (536)
[2021.10.27-12.59.54:082][ 50]LogModuleManager: Shutting down and abandoning module GameProjectGeneration (535)
[2021.10.27-12.59.54:095][ 50]LogModuleManager: Shutting down and abandoning module LuminPlatformEditor (532)
[2021.10.27-12.59.54:095][ 50]LogModuleManager: Shutting down and abandoning module IOSPlatformEditor (530)
[2021.10.27-12.59.54:095][ 50]LogModuleManager: Shutting down and abandoning module HTML5PlatformEditor (528)
[2021.10.27-12.59.54:095][ 50]LogModuleManager: Shutting down and abandoning module AndroidPlatformEditor (526)
[2021.10.27-12.59.54:102][ 50]LogModuleManager: Shutting down and abandoning module AndroidDeviceDetection (525)
[2021.10.27-12.59.54:534][ 50]LogModuleManager: Shutting down and abandoning module WindowsPlatformEditor (522)
[2021.10.27-12.59.54:535][ 50]LogModuleManager: Shutting down and abandoning module LuminRuntimeSettings (520)
[2021.10.27-12.59.54:535][ 50]LogModuleManager: Shutting down and abandoning module IOSRuntimeSettings (518)
[2021.10.27-12.59.54:535][ 50]LogModuleManager: Shutting down and abandoning module AndroidRuntimeSettings (516)
[2021.10.27-12.59.54:535][ 50]LogModuleManager: Shutting down and abandoning module TimeManagementEditor (514)
[2021.10.27-12.59.54:535][ 50]LogModuleManager: Shutting down and abandoning module InputBindingEditor (512)
[2021.10.27-12.59.54:550][ 50]LogModuleManager: Shutting down and abandoning module MergeActors (510)
[2021.10.27-12.59.54:560][ 50]LogModuleManager: Shutting down and abandoning module LocalizationDashboard (508)
[2021.10.27-12.59.54:574][ 50]LogModuleManager: Shutting down and abandoning module LocalizationService (507)
[2021.10.27-12.59.54:584][ 50]LogModuleManager: Shutting down and abandoning module HardwareTargeting (504)
[2021.10.27-12.59.54:584][ 50]LogModuleManager: Shutting down and abandoning module DeviceProfileEditor (502)
[2021.10.27-12.59.54:590][ 50]LogModuleManager: Shutting down and abandoning module UndoHistory (500)
[2021.10.27-12.59.54:597][ 50]LogModuleManager: Shutting down and abandoning module XmlParser (498)
[2021.10.27-12.59.54:597][ 50]LogModuleManager: Shutting down and abandoning module Blutility (496)
[2021.10.27-12.59.54:601][ 50]LogModuleManager: Shutting down and abandoning module ProjectSettingsViewer (494)
[2021.10.27-12.59.54:602][ 50]LogModuleManager: Shutting down and abandoning module ProjectTargetPlatformEditor (493)
[2021.10.27-12.59.54:602][ 50]LogModuleManager: Shutting down and abandoning module EditorSettingsViewer (490)
[2021.10.27-12.59.54:602][ 50]LogModuleManager: Shutting down and abandoning module SettingsEditor (488)
[2021.10.27-12.59.54:610][ 50]LogModuleManager: Shutting down and abandoning module ProjectLauncher (486)
[2021.10.27-12.59.54:625][ 50]LogModuleManager: Shutting down and abandoning module SessionFrontend (484)
[2021.10.27-12.59.54:632][ 50]LogModuleManager: Shutting down and abandoning module ProfilerClient (482)
[2021.10.27-12.59.54:642][ 50]LogModuleManager: Shutting down and abandoning module DeviceManager (480)
[2021.10.27-12.59.54:691][ 50]LogModuleManager: Shutting down and abandoning module TargetDeviceServices (479)
[2021.10.27-12.59.54:724][ 50]LogModuleManager: Shutting down and abandoning module AutomationController (476)
[2021.10.27-12.59.54:743][ 50]LogModuleManager: Shutting down and abandoning module AutomationWindow (474)
[2021.10.27-12.59.54:755][ 50]LogModuleManager: Shutting down and abandoning module Layers (472)
[2021.10.27-12.59.54:764][ 50]LogModuleManager: Shutting down and abandoning module ComponentVisualizers (470)
[2021.10.27-12.59.54:764][ 50]LogModuleManager: Shutting down and abandoning module DetailCustomizations (468)
[2021.10.27-12.59.54:774][ 50]LogModuleManager: Shutting down and abandoning module PackagesDialog (466)
[2021.10.27-12.59.54:774][ 50]LogModuleManager: Shutting down and abandoning module AnimationBlueprintEditor (464)
[2021.10.27-12.59.54:791][ 50]LogModuleManager: Shutting down and abandoning module Persona (462)
[2021.10.27-12.59.54:809][ 50]LogModuleManager: Shutting down and abandoning module AdvancedPreviewScene (461)
[2021.10.27-12.59.54:810][ 50]LogModuleManager: Shutting down and abandoning module AnimGraph (459)
[2021.10.27-12.59.54:810][ 50]LogModuleManager: Shutting down and abandoning module Kismet (456)
[2021.10.27-12.59.54:820][ 50]LogModuleManager: Shutting down and abandoning module GraphEditor (454)
[2021.10.27-12.59.54:829][ 50]LogModuleManager: Shutting down and abandoning module ClassViewer (452)
[2021.10.27-12.59.54:829][ 50]LogModuleManager: Shutting down and abandoning module Toolbox (450)
[2021.10.27-12.59.54:829][ 50]LogModuleManager: Shutting down and abandoning module ModuleUI (448)
[2021.10.27-12.59.54:839][ 50]LogModuleManager: Shutting down and abandoning module MovieSceneTools (446)
[2021.10.27-12.59.54:849][ 50]LogModuleManager: Shutting down and abandoning module OutputLog (444)
[2021.10.27-12.59.54:849][ 50]LogModuleManager: Shutting down and abandoning module GammaUI (442)
[2021.10.27-12.59.54:861][ 50]LogModuleManager: Shutting down and abandoning module Documentation (440)
[2021.10.27-12.59.54:862][ 50]LogModuleManager: Shutting down and abandoning module LiveCoding (438)
[2021.10.27-12.59.54:884][ 50]LogModuleManager: Shutting down and abandoning module LevelSequence (436)
[2021.10.27-12.59.54:884][ 50]LogModuleManager: Shutting down and abandoning module MovieSceneTracks (434)
[2021.10.27-12.59.54:884][ 50]LogModuleManager: Shutting down and abandoning module MovieScene (432)
[2021.10.27-12.59.54:898][ 50]LogModuleManager: Shutting down and abandoning module StreamingPauseRendering (430)
[2021.10.27-12.59.54:898][ 50]LogModuleManager: Shutting down and abandoning module LauncherPlatform (428)
[2021.10.27-12.59.54:898][ 50]LogModuleManager: Shutting down and abandoning module AnalyticsET (426)
[2021.10.27-12.59.54:898][ 50]LogModuleManager: Shutting down and abandoning module PortalServices (424)
[2021.10.27-12.59.54:898][ 50]LogModuleManager: Shutting down and abandoning module PortalRpc (422)
[2021.10.27-12.59.54:898][ 50]LogModuleManager: Shutting down and abandoning module MessagingRpc (420)
[2021.10.27-12.59.54:898][ 50]LogModuleManager: Shutting down and abandoning module AIModule (418)
[2021.10.27-12.59.54:945][ 50]LogModuleManager: Shutting down and abandoning module GameplayDebugger (417)
[2021.10.27-12.59.54:945][ 50]LogModuleManager: Shutting down and abandoning module AITestSuite (415)
[2021.10.27-12.59.54:953][ 50]LogModuleManager: Shutting down and abandoning module NavigationSystem (413)
[2021.10.27-12.59.54:953][ 50]LogModuleManager: Shutting down and abandoning module DesktopPlatform (410)
[2021.10.27-12.59.54:953][ 50]LogModuleManager: Shutting down and abandoning module ImageWriteQueue (408)
[2021.10.27-12.59.54:957][ 50]LogModuleManager: Shutting down and abandoning module ProfilerService (406)
[2021.10.27-12.59.55:206][ 50]LogModuleManager: Shutting down and abandoning module TaskGraph (404)
[2021.10.27-12.59.55:227][ 50]LogModuleManager: Shutting down and abandoning module SteamVRController (402)
[2021.10.27-12.59.55:227][ 50]LogModuleManager: Shutting down and abandoning module ProceduralMeshComponentEditor (400)
[2021.10.27-12.59.55:227][ 50]LogModuleManager: Shutting down and abandoning module ProceduralMeshComponent (398)
[2021.10.27-12.59.55:227][ 50]LogModuleManager: Shutting down and abandoning module OculusEditor (396)
[2021.10.27-12.59.55:236][ 50]LogModuleManager: Shutting down and abandoning module OculusInput (394)
[2021.10.27-12.59.55:236][ 50]LogModuleManager: Shutting down and abandoning module MobilePatchingUtils (392)
[2021.10.27-12.59.55:236][ 50]LogModuleManager: Shutting down and abandoning module EditableMesh (390)
[2021.10.27-12.59.55:247][ 50]LogModuleManager: Shutting down and abandoning module CustomMeshComponent (388)
[2021.10.27-12.59.55:247][ 50]LogModuleManager: Shutting down and abandoning module CableComponent (386)
[2021.10.27-12.59.55:247][ 50]LogModuleManager: Shutting down and abandoning module AudioCapture (384)
[2021.10.27-12.59.55:247][ 50]LogModuleManager: Shutting down and abandoning module ArchVisCharacter (382)
[2021.10.27-12.59.55:247][ 50]LogModuleManager: Shutting down and abandoning module AndroidPermission (380)
[2021.10.27-12.59.55:247][ 50]LogModuleManager: Shutting down and abandoning module NUTUnrealEngine4 (378)
[2021.10.27-12.59.55:254][ 50]LogModuleManager: Shutting down and abandoning module NetcodeUnitTest (376)
[2021.10.27-12.59.55:257][ 50]LogModuleManager: Shutting down and abandoning module MediaCompositing (374)
[2021.10.27-12.59.55:258][ 50]LogModuleManager: Shutting down and abandoning module LinearTimecode (372)
[2021.10.27-12.59.55:258][ 50]LogModuleManager: Shutting down and abandoning module ImgMedia (370)
[2021.10.27-12.59.55:258][ 50]LogModuleManager: Shutting down and abandoning module MagicLeapHelperVulkan (368)
[2021.10.27-12.59.55:258][ 50]LogModuleManager: Shutting down and abandoning module MagicLeapHelperOpenGL (366)
[2021.10.27-12.59.55:258][ 50]LogModuleManager: Shutting down and abandoning module MagicLeapAudio (364)
[2021.10.27-12.59.55:258][ 50]LogModuleManager: Shutting down and abandoning module HTML5Networking (362)
[2021.10.27-12.59.55:258][ 50]LogModuleManager: Shutting down and abandoning module GeometryCacheTracks (360)
[2021.10.27-12.59.55:258][ 50]LogModuleManager: Shutting down and abandoning module GeometryCacheSequencer (358)
[2021.10.27-12.59.55:258][ 50]LogModuleManager: Shutting down and abandoning module BackChannel (356)
[2021.10.27-12.59.55:258][ 50]LogModuleManager: Shutting down and abandoning module AppleVision (354)
[2021.10.27-12.59.55:258][ 50]LogModuleManager: Shutting down and abandoning module AppleImageUtilsBlueprintSupport (352)
[2021.10.27-12.59.55:258][ 50]LogModuleManager: Shutting down and abandoning module AppleImageUtils (350)
[2021.10.27-12.59.55:258][ 50]LogModuleManager: Shutting down and abandoning module AlembicImporter (348)
[2021.10.27-12.59.55:258][ 50]LogModuleManager: Shutting down and abandoning module AlembicLibrary (347)
[2021.10.27-12.59.55:258][ 50]LogModuleManager: Shutting down and abandoning module GeometryCache (346)
[2021.10.27-12.59.55:258][ 50]LogModuleManager: Shutting down and abandoning module GeometryCacheEd (345)
[2021.10.27-12.59.55:258][ 50]LogModuleManager: Shutting down and abandoning module VariantManagerContent (340)
[2021.10.27-12.59.55:258][ 50]LogModuleManager: Shutting down and abandoning module DatasmithContentEditor (338)
[2021.10.27-12.59.55:270][ 50]LogModuleManager: Shutting down and abandoning module SpeedTreeImporter (336)
[2021.10.27-12.59.55:270][ 50]LogModuleManager: Shutting down and abandoning module PluginBrowser (334)
[2021.10.27-12.59.55:288][ 50]LogModuleManager: Shutting down and abandoning module MobileLauncherProfileWizard (332)
[2021.10.27-12.59.55:294][ 50]LogModuleManager: Shutting down and abandoning module MaterialAnalyzer (330)
[2021.10.27-12.59.55:298][ 50]LogModuleManager: Shutting down and abandoning module CryptoKeysOpenSSL (328)
[2021.10.27-12.59.55:299][ 50]LogModuleManager: Shutting down and abandoning module CryptoKeys (326)
[2021.10.27-12.59.55:299][ 50]LogModuleManager: Shutting down and abandoning module VisualStudioSourceCodeAccess (324)
[2021.10.27-12.59.55:299][ 50]LogModuleManager: Shutting down and abandoning module VisualStudioCodeSourceCodeAccess (322)
[2021.10.27-12.59.55:299][ 50]LogModuleManager: Shutting down and abandoning module UObjectPlugin (320)
[2021.10.27-12.59.55:299][ 50]LogModuleManager: Shutting down and abandoning module SubversionSourceControl (318)
[2021.10.27-12.59.55:308][ 50]LogModuleManager: Shutting down and abandoning module PerforceSourceControl (316)
[2021.10.27-12.59.55:316][ 50]LogModuleManager: Shutting down and abandoning module GitSourceControl (314)
[2021.10.27-12.59.55:325][ 50]LogModuleManager: Shutting down and abandoning module SourceControl (313)
[2021.10.27-12.59.55:331][ 50]LogModuleManager: Shutting down and abandoning module CLionSourceCodeAccess (310)
[2021.10.27-12.59.55:331][ 50]LogModuleManager: Shutting down and abandoning module AnimationSharingEd (308)
[2021.10.27-12.59.55:331][ 50]LogModuleManager: Shutting down and abandoning module ActorLayerUtilitiesEditor (306)
[2021.10.27-12.59.55:331][ 50]LogModuleManager: Shutting down and abandoning module ActorLayerUtilities (304)
[2021.10.27-12.59.55:331][ 50]LogModuleManager: Shutting down and abandoning module LightPropagationVolumeEditor (302)
[2021.10.27-12.59.55:331][ 50]LogModuleManager: Shutting down and abandoning module PaperTiledImporter (300)
[2021.10.27-12.59.55:331][ 50]LogModuleManager: Shutting down and abandoning module PaperSpriteSheetImporter (298)
[2021.10.27-12.59.55:331][ 50]LogModuleManager: Shutting down and abandoning module Paper2DEditor (296)
[2021.10.27-12.59.55:353][ 50]LogModuleManager: Shutting down and abandoning module SignificanceManager (294)
[2021.10.27-12.59.55:353][ 50]LogModuleManager: Shutting down and abandoning module RuntimePhysXCooking (292)
[2021.10.27-12.59.55:353][ 50]LogModuleManager: Shutting down and abandoning module PhysXVehiclesEditor (290)
[2021.10.27-12.59.55:353][ 50]LogModuleManager: Shutting down and abandoning module PhysXVehicles (288)
[2021.10.27-12.59.55:353][ 50]LogModuleManager: Shutting down and abandoning module LocationServicesBPLibrary (286)
[2021.10.27-12.59.55:353][ 50]LogModuleManager: Shutting down and abandoning module ActorSequence (284)
[2021.10.27-12.59.55:353][ 50]LogModuleManager: Shutting down and abandoning module UdpMessaging (282)
[2021.10.27-12.59.55:454][ 50]LogModuleManager: Shutting down and abandoning module TcpMessaging (280)
[2021.10.27-12.59.55:569][ 50]LogModuleManager: Shutting down and abandoning module MagicLeapIdentity (278)
[2021.10.27-12.59.55:569][ 50]LogModuleManager: Shutting down and abandoning module MagicLeapSecureStorage (276)
[2021.10.27-12.59.55:569][ 50]LogModuleManager: Shutting down and abandoning module MagicLeapHandTracking (274)
[2021.10.27-12.59.55:580][ 50]LogModuleManager: Shutting down and abandoning module MagicLeapEyeTracker (272)
[2021.10.27-12.59.55:580][ 50]LogModuleManager: Shutting down and abandoning module MagicLeapController (270)
[2021.10.27-12.59.55:592][ 50]LogSlate: Slate User Destroyed.  User Index 0, Is Virtual User: 0
[2021.10.27-12.59.55:593][ 50]LogModuleManager: Shutting down and abandoning module MagicLeapAR (268)
[2021.10.27-12.59.55:593][ 50]LogModuleManager: Shutting down and abandoning module AugmentedReality (267)
[2021.10.27-12.59.55:593][ 50]LogModuleManager: Shutting down and abandoning module GameplayTagsEditor (264)
[2021.10.27-12.59.55:598][ 50]LogModuleManager: Shutting down and abandoning module FacialAnimationEditor (262)
[2021.10.27-12.59.55:598][ 50]LogModuleManager: Shutting down and abandoning module FacialAnimation (260)
[2021.10.27-12.59.55:598][ 50]LogModuleManager: Shutting down and abandoning module DataValidation (258)
[2021.10.27-12.59.55:598][ 50]LogModuleManager: Shutting down and abandoning module AssetManagerEditor (256)
[2021.10.27-12.59.55:606][ 50]LogModuleManager: Shutting down and abandoning module LevelEditor (255)
[2021.10.27-12.59.55:611][ 50]LogModuleManager: Shutting down and abandoning module PixelInspectorModule (254)
[2021.10.27-12.59.55:618][ 50]LogModuleManager: Shutting down and abandoning module CommonMenuExtensions (252)
[2021.10.27-12.59.55:618][ 50]LogModuleManager: Shutting down and abandoning module MainFrame (250)
[2021.10.27-12.59.55:618][ 50]LogModuleManager: Shutting down and abandoning module HotReload (249)
[2021.10.27-12.59.55:680][ 50]LogModuleManager: Shutting down and abandoning module ContentBrowser (245)
[2021.10.27-12.59.55:681][ 50]LogModuleManager: Shutting down and abandoning module TreeMap (243)
[2021.10.27-12.59.55:689][ 50]LogModuleManager: Shutting down and abandoning module AnimationSharing (240)
[2021.10.27-12.59.55:689][ 50]LogModuleManager: Shutting down and abandoning module LightPropagationVolumeRuntime (238)
[2021.10.27-12.59.55:689][ 50]LogModuleManager: Shutting down and abandoning module AISupportModule (236)
[2021.10.27-12.59.55:689][ 50]LogModuleManager: Shutting down and abandoning module Paper2D (234)
[2021.10.27-12.59.55:695][ 50]LogModuleManager: Shutting down and abandoning module WindowsMoviePlayer (232)
[2021.10.27-12.59.55:696][ 50]LogModuleManager: Shutting down and abandoning module WebMMoviePlayer (230)
[2021.10.27-12.59.55:696][ 50]LogModuleManager: Shutting down and abandoning module PacketHandler (228)
[2021.10.27-12.59.55:696][ 50]LogModuleManager: Shutting down and abandoning module ClothingSystemEditor (226)
[2021.10.27-12.59.55:696][ 50]LogModuleManager: Shutting down and abandoning module ClothingSystemRuntime (224)
[2021.10.27-12.59.55:713][ 50]LogModuleManager: Shutting down and abandoning module MediaAssets (222)
[2021.10.27-12.59.55:714][ 50]LogModuleManager: Shutting down and abandoning module Overlay (220)
[2021.10.27-12.59.55:714][ 50]LogModuleManager: Shutting down and abandoning module OverlayEditor (219)
[2021.10.27-12.59.55:714][ 50]LogModuleManager: Shutting down and abandoning module VREditor (216)
[2021.10.27-12.59.55:725][ 50]LogModuleManager: Shutting down and abandoning module StringTableEditor (214)
[2021.10.27-12.59.55:737][ 50]LogModuleManager: Shutting down and abandoning module GameplayTasksEditor (212)
[2021.10.27-12.59.55:737][ 50]LogModuleManager: Shutting down and abandoning module BehaviorTreeEditor (210)
[2021.10.27-12.59.55:758][ 50]LogModuleManager: Shutting down and abandoning module FunctionalTesting (208)
[2021.10.27-12.59.55:767][ 50]LogModuleManager: Shutting down and abandoning module CollisionAnalyzer (206)
[2021.10.27-12.59.55:779][ 50]LogModuleManager: Shutting down and abandoning module WorkspaceMenuStructure (205)
[2021.10.27-12.59.55:779][ 50]LogModuleManager: Shutting down and abandoning module UMG (202)
[2021.10.27-12.59.55:795][ 50]LogModuleManager: Shutting down and abandoning module UMGEditor (201)
[2021.10.27-12.59.55:808][ 50]LogModuleManager: Shutting down and abandoning module Sequencer (200)
[2021.10.27-12.59.55:840][ 50]LogModuleManager: Shutting down and abandoning module MessageLog (197)
[2021.10.27-12.59.55:841][ 50]LogModuleManager: Shutting down and abandoning module SlateReflector (192)
[2021.10.27-12.59.55:861][ 50]LogModuleManager: Shutting down and abandoning module Slate (190)
[2021.10.27-12.59.55:861][ 50]LogModuleManager: Shutting down and abandoning module EditorStyle (188)
[2021.10.27-12.59.55:863][ 50]LogModuleManager: Shutting down and abandoning module UnrealEd (186)
[2021.10.27-12.59.55:874][ 50]LogModuleManager: Shutting down and abandoning module MRMesh (184)
[2021.10.27-12.59.55:874][ 50]LogModuleManager: Shutting down and abandoning module SourceCodeAccess (182)
[2021.10.27-12.59.55:874][ 50]LogModuleManager: Shutting down and abandoning module HeadMountedDisplay (180)
[2021.10.27-12.59.55:874][ 50]LogModuleManager: Shutting down and abandoning module XAudio2 (178)
[2021.10.27-12.59.55:874][ 50]LogModuleManager: Shutting down and abandoning module Networking (176)
[2021.10.27-12.59.55:874][ 50]LogModuleManager: Shutting down and abandoning module Core (174)
[2021.10.27-12.59.55:874][ 50]LogModuleManager: Shutting down and abandoning module KismetCompiler (172)
[2021.10.27-12.59.55:874][ 50]LogModuleManager: Shutting down and abandoning module MeshUtilities (170)
[2021.10.27-12.59.55:874][ 50]LogModuleManager: Shutting down and abandoning module MeshMergeUtilities (169)
[2021.10.27-12.59.55:883][ 50]LogModuleManager: Shutting down and abandoning module MeshReductionInterface (168)
[2021.10.27-12.59.55:883][ 50]LogModuleManager: Shutting down and abandoning module SkeletalMeshReduction (167)
[2021.10.27-12.59.55:935][ 50]LogModuleManager: Shutting down and abandoning module ProxyLODMeshReduction (165)
[2021.10.27-12.59.55:951][ 50]LogModuleManager: Shutting down and abandoning module QuadricMeshReduction (163)
[2021.10.27-12.59.55:951][ 50]LogModuleManager: Shutting down and abandoning module MaterialBaking (159)
[2021.10.27-12.59.55:961][ 50]LogModuleManager: Shutting down and abandoning module DerivedDataCache (154)
[2021.10.27-12.59.56:201][ 50]LogDerivedDataCache: Shutdown
[2021.10.27-12.59.56:201][ 50]LogModuleManager: Shutting down and abandoning module XGEController (152)
[2021.10.27-12.59.56:201][ 50]LogModuleManager: Shutting down and abandoning module TargetPlatform (150)
[2021.10.27-12.59.56:201][ 50]LogModuleManager: Shutting down and abandoning module VulkanShaderFormat (149)
[2021.10.27-12.59.56:217][ 50]LogModuleManager: Shutting down and abandoning module ShaderFormatVectorVM (147)
[2021.10.27-12.59.56:217][ 50]LogModuleManager: Shutting down and abandoning module ShaderFormatOpenGL (145)
[2021.10.27-12.59.56:227][ 50]LogModuleManager: Shutting down and abandoning module ShaderFormatD3D (143)
[2021.10.27-12.59.56:228][ 50]LogModuleManager: Shutting down and abandoning module MetalShaderFormat (141)
[2021.10.27-12.59.56:238][ 50]LogModuleManager: Shutting down and abandoning module TextureFormatUncompressed (139)
[2021.10.27-12.59.56:238][ 50]LogModuleManager: Shutting down and abandoning module TextureFormatPVR (137)
[2021.10.27-12.59.56:238][ 50]LogModuleManager: Shutting down and abandoning module TextureFormatDXT (135)
[2021.10.27-12.59.56:238][ 50]LogModuleManager: Shutting down and abandoning module TextureFormatIntelISPCTexComp (133)
[2021.10.27-12.59.56:238][ 50]LogModuleManager: Shutting down and abandoning module TextureFormatASTC (131)
[2021.10.27-12.59.56:238][ 50]LogModuleManager: Shutting down and abandoning module ImageWrapper (130)
[2021.10.27-12.59.56:238][ 50]LogModuleManager: Shutting down and abandoning module TextureFormatAndroid (127)
[2021.10.27-12.59.56:238][ 50]LogModuleManager: Shutting down and abandoning module AudioFormatOpus (125)
[2021.10.27-12.59.56:249][ 50]LogModuleManager: Shutting down and abandoning module AudioFormatOgg (123)
[2021.10.27-12.59.56:249][ 50]LogModuleManager: Shutting down and abandoning module AudioFormatADPCM (121)
[2021.10.27-12.59.56:249][ 50]LogModuleManager: Shutting down and abandoning module LuminTargetPlatform (119)
[2021.10.27-12.59.56:250][ 50]LogModuleManager: Shutting down and abandoning module LinuxTargetPlatform (117)
[2021.10.27-12.59.56:250][ 50]LogModuleManager: Shutting down and abandoning module LinuxServerTargetPlatform (115)
[2021.10.27-12.59.56:250][ 50]LogModuleManager: Shutting down and abandoning module LinuxNoEditorTargetPlatform (113)
[2021.10.27-12.59.56:250][ 50]LogModuleManager: Shutting down and abandoning module LinuxClientTargetPlatform (111)
[2021.10.27-12.59.56:250][ 50]LogModuleManager: Shutting down and abandoning module TVOSTargetPlatform (109)
[2021.10.27-12.59.56:251][ 50]LogModuleManager: Shutting down and abandoning module Messaging (107)
[2021.10.27-12.59.56:251][ 50]LogModuleManager: Shutting down and abandoning module IOSTargetPlatform (105)
[2021.10.27-12.59.56:252][ 50]LogModuleManager: Shutting down and abandoning module HTML5TargetPlatform (103)
[2021.10.27-12.59.56:252][ 50]LogModuleManager: Shutting down and abandoning module AndroidTargetPlatform (101)
[2021.10.27-12.59.56:259][ 50]LogModuleManager: Shutting down and abandoning module WindowsTargetPlatform (99)
[2021.10.27-12.59.56:259][ 50]LogModuleManager: Shutting down and abandoning module WindowsServerTargetPlatform (97)
[2021.10.27-12.59.56:259][ 50]LogModuleManager: Shutting down and abandoning module WindowsNoEditorTargetPlatform (95)
[2021.10.27-12.59.56:259][ 50]LogModuleManager: Shutting down and abandoning module WindowsClientTargetPlatform (93)
[2021.10.27-12.59.56:259][ 50]LogModuleManager: Shutting down and abandoning module MacTargetPlatform (91)
[2021.10.27-12.59.56:259][ 50]LogModuleManager: Shutting down and abandoning module MacServerTargetPlatform (89)
[2021.10.27-12.59.56:259][ 50]LogModuleManager: Shutting down and abandoning module MacNoEditorTargetPlatform (87)
[2021.10.27-12.59.56:260][ 50]LogModuleManager: Shutting down and abandoning module MacClientTargetPlatform (85)
[2021.10.27-12.59.56:260][ 50]LogModuleManager: Shutting down and abandoning module AllDesktopTargetPlatform (83)
[2021.10.27-12.59.56:260][ 50]LogModuleManager: Shutting down and abandoning module InputCore (80)
[2021.10.27-12.59.56:260][ 50]LogModuleManager: Shutting down and abandoning module Settings (78)
[2021.10.27-12.59.56:260][ 50]LogModuleManager: Shutting down and abandoning module DirectoryWatcher (76)
[2021.10.27-12.59.56:260][ 50]LogModuleManager: Shutting down and abandoning module PhysXCooking (74)
[2021.10.27-12.59.56:260][ 50]LogModuleManager: Shutting down and abandoning module SteamVR (72)
[2021.10.27-12.59.56:260][ 50]LogHMD: Freeing OpenVRDLLHandle.
[2021.10.27-12.59.56:260][ 50]LogModuleManager: Shutting down and abandoning module OculusHMD (70)
[2021.10.27-12.59.56:269][ 50]LogModuleManager: Shutting down and abandoning module ExampleDeviceProfileSelector (68)
[2021.10.27-12.59.56:269][ 50]LogModuleManager: Shutting down and abandoning module LauncherChunkInstaller (66)
[2021.10.27-12.59.56:269][ 50]LogModuleManager: Shutting down and abandoning module OnlineBlueprintSupport (64)
[2021.10.27-12.59.56:269][ 50]LogModuleManager: Shutting down and abandoning module OnlineSubsystem (60)
[2021.10.27-12.59.56:270][ 50]LogModuleManager: Shutting down and abandoning module XMPP (55)
[2021.10.27-12.59.56:295][ 50]LogModuleManager: Shutting down and abandoning module WebSockets (54)
[2021.10.27-12.59.56:324][ 50]LogModuleManager: Shutting down and abandoning module HTTP (51)
[2021.10.27-12.59.56:324][ 50]LogHttp: Display: Http module shutting down, but needs to wait on 1 outstanding Http requests:
[2021.10.27-12.59.56:324][ 50]LogHttp: Display: 	verb=[POST] url=[https://datarouter.ol.epicgames.com/datarouter/api/v1/public/data?SessionID=%7BB3CA2594-4091-076F-4C69-84A20E0CEB0F%7D&AppID=UEEditor.Rocket.Release&AppVersion=4.22.3-7053642%2B%2B%2BUE4%2BRelease-4.22&UserID=c86d1527464b0dc9833e378cd020f2ae%7C320d330a8ea14567ac6a9d048f1cc3a2%7C8844695a-b052-49e1-897a-5d327b08c336&AppEnvironment=datacollector-binary&UploadType=eteventstream] status=Processing
[2021.10.27-12.59.56:353][ 50]LogModuleManager: Shutting down and abandoning module SSL (50)
[2021.10.27-12.59.56:355][ 50]LogModuleManager: Shutting down and abandoning module WmfMedia (46)
[2021.10.27-12.59.56:365][ 50]LogModuleManager: Shutting down and abandoning module Media (45)
[2021.10.27-12.59.56:370][ 50]LogModuleManager: Shutting down and abandoning module MagicLeap (42)
[2021.10.27-12.59.56:398][ 50]LogModuleManager: Shutting down and abandoning module DatasmithContent (40)
[2021.10.27-12.59.56:399][ 50]LogModuleManager: Shutting down and abandoning module AnimationModifiers (38)
[2021.10.27-12.59.56:416][ 50]LogModuleManager: Shutting down and abandoning module PropertyEditor (37)
[2021.10.27-12.59.56:430][ 50]LogModuleManager: Shutting down and abandoning module AudioEditor (34)
[2021.10.27-12.59.56:462][ 50]LogModuleManager: Shutting down and abandoning module TextureCompressor (32)
[2021.10.27-12.59.56:462][ 50]LogModuleManager: Shutting down and abandoning module RenderCore (30)
[2021.10.27-12.59.56:462][ 50]LogModuleManager: Shutting down and abandoning module Landscape (28)
[2021.10.27-12.59.56:462][ 50]LogModuleManager: Shutting down and abandoning module SlateRHIRenderer (26)
[2021.10.27-12.59.56:482][ 50]LogModuleManager: Shutting down and abandoning module OpenGLDrv (24)
[2021.10.27-12.59.56:492][ 50]LogModuleManager: Shutting down and abandoning module D3D11RHI (22)
[2021.10.27-12.59.56:492][ 50]LogModuleManager: Shutting down and abandoning module AnimGraphRuntime (20)
[2021.10.27-12.59.56:505][ 50]LogModuleManager: Shutting down and abandoning module Renderer (18)
[2021.10.27-12.59.56:505][ 50]LogModuleManager: Shutting down and abandoning module Engine (16)
[2021.10.27-12.59.56:505][ 50]LogModuleManager: Shutting down and abandoning module CoreUObject (14)
[2021.10.27-12.59.56:505][ 50]LogModuleManager: Shutting down and abandoning module NetworkFile (12)
[2021.10.27-12.59.56:505][ 50]LogModuleManager: Shutting down and abandoning module CookedIterativeFile (10)
[2021.10.27-12.59.56:505][ 50]LogModuleManager: Shutting down and abandoning module StreamingFile (8)
[2021.10.27-12.59.56:505][ 50]LogModuleManager: Shutting down and abandoning module SandboxFile (6)
[2021.10.27-12.59.56:505][ 50]LogModuleManager: Shutting down and abandoning module PakFile (4)
[2021.10.27-12.59.56:520][ 50]LogModuleManager: Shutting down and abandoning module RSA (3)
[2021.10.27-12.59.56:552][ 50]LogExit: Exiting.
[2021.10.27-12.59.56:615][ 50]Log file closed, 10/27/21 20:59:56
